ARM GAS  /var/folders/9y/n02fl3g16gnf7ppy14xghdy80000gn/T//ccXE6cd4.s 			page 1


   1              		.cpu cortex-m7
   2              		.eabi_attribute 27, 1
   3              		.eabi_attribute 28, 1
   4              		.eabi_attribute 20, 1
   5              		.eabi_attribute 21, 1
   6              		.eabi_attribute 23, 3
   7              		.eabi_attribute 24, 1
   8              		.eabi_attribute 25, 1
   9              		.eabi_attribute 26, 1
  10              		.eabi_attribute 30, 1
  11              		.eabi_attribute 34, 1
  12              		.eabi_attribute 18, 4
  13              		.file	"arm_mat_init_f32.c"
  14              		.text
  15              	.Ltext0:
  16              		.cfi_sections	.debug_frame
  17              		.section	.text.arm_mat_init_f32,"ax",%progbits
  18              		.align	1
  19              		.global	arm_mat_init_f32
  20              		.arch armv7e-m
  21              		.syntax unified
  22              		.thumb
  23              		.thumb_func
  24              		.fpu fpv5-sp-d16
  26              	arm_mat_init_f32:
  27              	.LVL0:
  28              	.LFB119:
  29              		.file 1 "Libraries/CMSIS/DSP/MatrixFunctions/arm_mat_init_f32.c"
   1:Libraries/CMSIS/DSP/MatrixFunctions/arm_mat_init_f32.c **** /* ----------------------------------------------------------------------
   2:Libraries/CMSIS/DSP/MatrixFunctions/arm_mat_init_f32.c ****  * Project:      CMSIS DSP Library
   3:Libraries/CMSIS/DSP/MatrixFunctions/arm_mat_init_f32.c ****  * Title:        arm_mat_init_f32.c
   4:Libraries/CMSIS/DSP/MatrixFunctions/arm_mat_init_f32.c ****  * Description:  Floating-point matrix initialization
   5:Libraries/CMSIS/DSP/MatrixFunctions/arm_mat_init_f32.c ****  *
   6:Libraries/CMSIS/DSP/MatrixFunctions/arm_mat_init_f32.c ****  * $Date:        23 April 2021
   7:Libraries/CMSIS/DSP/MatrixFunctions/arm_mat_init_f32.c ****  * $Revision:    V1.9.0
   8:Libraries/CMSIS/DSP/MatrixFunctions/arm_mat_init_f32.c ****  *
   9:Libraries/CMSIS/DSP/MatrixFunctions/arm_mat_init_f32.c ****  * Target Processor: Cortex-M and Cortex-A cores
  10:Libraries/CMSIS/DSP/MatrixFunctions/arm_mat_init_f32.c ****  * -------------------------------------------------------------------- */
  11:Libraries/CMSIS/DSP/MatrixFunctions/arm_mat_init_f32.c **** /*
  12:Libraries/CMSIS/DSP/MatrixFunctions/arm_mat_init_f32.c ****  * Copyright (C) 2010-2021 ARM Limited or its affiliates. All rights reserved.
  13:Libraries/CMSIS/DSP/MatrixFunctions/arm_mat_init_f32.c ****  *
  14:Libraries/CMSIS/DSP/MatrixFunctions/arm_mat_init_f32.c ****  * SPDX-License-Identifier: Apache-2.0
  15:Libraries/CMSIS/DSP/MatrixFunctions/arm_mat_init_f32.c ****  *
  16:Libraries/CMSIS/DSP/MatrixFunctions/arm_mat_init_f32.c ****  * Licensed under the Apache License, Version 2.0 (the License); you may
  17:Libraries/CMSIS/DSP/MatrixFunctions/arm_mat_init_f32.c ****  * not use this file except in compliance with the License.
  18:Libraries/CMSIS/DSP/MatrixFunctions/arm_mat_init_f32.c ****  * You may obtain a copy of the License at
  19:Libraries/CMSIS/DSP/MatrixFunctions/arm_mat_init_f32.c ****  *
  20:Libraries/CMSIS/DSP/MatrixFunctions/arm_mat_init_f32.c ****  * www.apache.org/licenses/LICENSE-2.0
  21:Libraries/CMSIS/DSP/MatrixFunctions/arm_mat_init_f32.c ****  *
  22:Libraries/CMSIS/DSP/MatrixFunctions/arm_mat_init_f32.c ****  * Unless required by applicable law or agreed to in writing, software
  23:Libraries/CMSIS/DSP/MatrixFunctions/arm_mat_init_f32.c ****  * distributed under the License is distributed on an AS IS BASIS, WITHOUT
  24:Libraries/CMSIS/DSP/MatrixFunctions/arm_mat_init_f32.c ****  * WARRANTIES OR CONDITIONS OF ANY KIND, either express or implied.
  25:Libraries/CMSIS/DSP/MatrixFunctions/arm_mat_init_f32.c ****  * See the License for the specific language governing permissions and
  26:Libraries/CMSIS/DSP/MatrixFunctions/arm_mat_init_f32.c ****  * limitations under the License.
  27:Libraries/CMSIS/DSP/MatrixFunctions/arm_mat_init_f32.c ****  */
  28:Libraries/CMSIS/DSP/MatrixFunctions/arm_mat_init_f32.c **** 
  29:Libraries/CMSIS/DSP/MatrixFunctions/arm_mat_init_f32.c **** #include "dsp/matrix_functions.h"
ARM GAS  /var/folders/9y/n02fl3g16gnf7ppy14xghdy80000gn/T//ccXE6cd4.s 			page 2


  30:Libraries/CMSIS/DSP/MatrixFunctions/arm_mat_init_f32.c **** 
  31:Libraries/CMSIS/DSP/MatrixFunctions/arm_mat_init_f32.c **** /**
  32:Libraries/CMSIS/DSP/MatrixFunctions/arm_mat_init_f32.c ****   @ingroup groupMatrix
  33:Libraries/CMSIS/DSP/MatrixFunctions/arm_mat_init_f32.c ****  */
  34:Libraries/CMSIS/DSP/MatrixFunctions/arm_mat_init_f32.c **** 
  35:Libraries/CMSIS/DSP/MatrixFunctions/arm_mat_init_f32.c **** /**
  36:Libraries/CMSIS/DSP/MatrixFunctions/arm_mat_init_f32.c ****   @defgroup MatrixInit Matrix Initialization
  37:Libraries/CMSIS/DSP/MatrixFunctions/arm_mat_init_f32.c ****  
  38:Libraries/CMSIS/DSP/MatrixFunctions/arm_mat_init_f32.c ****   Initializes the underlying matrix data structure.
  39:Libraries/CMSIS/DSP/MatrixFunctions/arm_mat_init_f32.c ****   The functions set the <code>numRows</code>,
  40:Libraries/CMSIS/DSP/MatrixFunctions/arm_mat_init_f32.c ****   <code>numCols</code>, and <code>pData</code> fields
  41:Libraries/CMSIS/DSP/MatrixFunctions/arm_mat_init_f32.c ****   of the matrix data structure.
  42:Libraries/CMSIS/DSP/MatrixFunctions/arm_mat_init_f32.c ****  */
  43:Libraries/CMSIS/DSP/MatrixFunctions/arm_mat_init_f32.c **** 
  44:Libraries/CMSIS/DSP/MatrixFunctions/arm_mat_init_f32.c **** /**
  45:Libraries/CMSIS/DSP/MatrixFunctions/arm_mat_init_f32.c ****   @addtogroup MatrixInit
  46:Libraries/CMSIS/DSP/MatrixFunctions/arm_mat_init_f32.c ****   @{
  47:Libraries/CMSIS/DSP/MatrixFunctions/arm_mat_init_f32.c ****  */
  48:Libraries/CMSIS/DSP/MatrixFunctions/arm_mat_init_f32.c **** 
  49:Libraries/CMSIS/DSP/MatrixFunctions/arm_mat_init_f32.c **** /**
  50:Libraries/CMSIS/DSP/MatrixFunctions/arm_mat_init_f32.c ****   @brief         Floating-point matrix initialization.
  51:Libraries/CMSIS/DSP/MatrixFunctions/arm_mat_init_f32.c ****   @param[in,out] S         points to an instance of the floating-point matrix structure
  52:Libraries/CMSIS/DSP/MatrixFunctions/arm_mat_init_f32.c ****   @param[in]     nRows     number of rows in the matrix
  53:Libraries/CMSIS/DSP/MatrixFunctions/arm_mat_init_f32.c ****   @param[in]     nColumns  number of columns in the matrix
  54:Libraries/CMSIS/DSP/MatrixFunctions/arm_mat_init_f32.c ****   @param[in]     pData     points to the matrix data array
  55:Libraries/CMSIS/DSP/MatrixFunctions/arm_mat_init_f32.c ****   @return        none
  56:Libraries/CMSIS/DSP/MatrixFunctions/arm_mat_init_f32.c ****  */
  57:Libraries/CMSIS/DSP/MatrixFunctions/arm_mat_init_f32.c **** 
  58:Libraries/CMSIS/DSP/MatrixFunctions/arm_mat_init_f32.c **** void arm_mat_init_f32(
  59:Libraries/CMSIS/DSP/MatrixFunctions/arm_mat_init_f32.c ****   arm_matrix_instance_f32 * S,
  60:Libraries/CMSIS/DSP/MatrixFunctions/arm_mat_init_f32.c ****   uint16_t nRows,
  61:Libraries/CMSIS/DSP/MatrixFunctions/arm_mat_init_f32.c ****   uint16_t nColumns,
  62:Libraries/CMSIS/DSP/MatrixFunctions/arm_mat_init_f32.c ****   float32_t * pData)
  63:Libraries/CMSIS/DSP/MatrixFunctions/arm_mat_init_f32.c **** {
  30              		.loc 1 63 1 view -0
  31              		.cfi_startproc
  32              		@ args = 0, pretend = 0, frame = 0
  33              		@ frame_needed = 0, uses_anonymous_args = 0
  34              		@ link register save eliminated.
  64:Libraries/CMSIS/DSP/MatrixFunctions/arm_mat_init_f32.c ****   /* Assign Number of Rows */
  65:Libraries/CMSIS/DSP/MatrixFunctions/arm_mat_init_f32.c ****   S->numRows = nRows;
  35              		.loc 1 65 3 view .LVU1
  36              		.loc 1 65 14 is_stmt 0 view .LVU2
  37 0000 0180     		strh	r1, [r0]	@ movhi
  66:Libraries/CMSIS/DSP/MatrixFunctions/arm_mat_init_f32.c **** 
  67:Libraries/CMSIS/DSP/MatrixFunctions/arm_mat_init_f32.c ****   /* Assign Number of Columns */
  68:Libraries/CMSIS/DSP/MatrixFunctions/arm_mat_init_f32.c ****   S->numCols = nColumns;
  38              		.loc 1 68 3 is_stmt 1 view .LVU3
  39              		.loc 1 68 14 is_stmt 0 view .LVU4
  40 0002 4280     		strh	r2, [r0, #2]	@ movhi
  69:Libraries/CMSIS/DSP/MatrixFunctions/arm_mat_init_f32.c **** 
  70:Libraries/CMSIS/DSP/MatrixFunctions/arm_mat_init_f32.c ****   /* Assign Data pointer */
  71:Libraries/CMSIS/DSP/MatrixFunctions/arm_mat_init_f32.c ****   S->pData = pData;
  41              		.loc 1 71 3 is_stmt 1 view .LVU5
  42              		.loc 1 71 12 is_stmt 0 view .LVU6
  43 0004 4360     		str	r3, [r0, #4]
  72:Libraries/CMSIS/DSP/MatrixFunctions/arm_mat_init_f32.c **** }
ARM GAS  /var/folders/9y/n02fl3g16gnf7ppy14xghdy80000gn/T//ccXE6cd4.s 			page 3


  44              		.loc 1 72 1 view .LVU7
  45 0006 7047     		bx	lr
  46              		.cfi_endproc
  47              	.LFE119:
  49              		.text
  50              	.Letext0:
  51              		.file 2 "/opt/homebrew/Cellar/arm-none-eabi-gcc/10.3-2021.07/gcc/arm-none-eabi/include/machine/_de
  52              		.file 3 "/opt/homebrew/Cellar/arm-none-eabi-gcc/10.3-2021.07/gcc/arm-none-eabi/include/sys/_stdint
  53              		.file 4 "Libraries/CMSIS/Include/arm_math_types.h"
  54              		.file 5 "Libraries/CMSIS/Include/dsp/matrix_functions.h"
ARM GAS  /var/folders/9y/n02fl3g16gnf7ppy14xghdy80000gn/T//ccXE6cd4.s 			page 4


DEFINED SYMBOLS
                            *ABS*:0000000000000000 arm_mat_init_f32.c
/var/folders/9y/n02fl3g16gnf7ppy14xghdy80000gn/T//ccXE6cd4.s:18     .text.arm_mat_init_f32:0000000000000000 $t
/var/folders/9y/n02fl3g16gnf7ppy14xghdy80000gn/T//ccXE6cd4.s:26     .text.arm_mat_init_f32:0000000000000000 arm_mat_init_f32

NO UNDEFINED SYMBOLS
