ARM GAS  /var/folders/9y/n02fl3g16gnf7ppy14xghdy80000gn/T//ccijWKOL.s 			page 1


   1              		.cpu cortex-m7
   2              		.eabi_attribute 27, 1
   3              		.eabi_attribute 28, 1
   4              		.eabi_attribute 20, 1
   5              		.eabi_attribute 21, 1
   6              		.eabi_attribute 23, 3
   7              		.eabi_attribute 24, 1
   8              		.eabi_attribute 25, 1
   9              		.eabi_attribute 26, 1
  10              		.eabi_attribute 30, 1
  11              		.eabi_attribute 34, 1
  12              		.eabi_attribute 18, 4
  13              		.file	"drv_tim.c"
  14              		.text
  15              	.Ltext0:
  16              		.cfi_sections	.debug_frame
  17              		.section	.text.tim9Init,"ax",%progbits
  18              		.align	1
  19              		.global	tim9Init
  20              		.arch armv7e-m
  21              		.syntax unified
  22              		.thumb
  23              		.thumb_func
  24              		.fpu fpv5-sp-d16
  26              	tim9Init:
  27              	.LFB187:
  28              		.file 1 "Src/drv/drv_tim.c"
   1:Src/drv/drv_tim.c **** /** @file 		drv_tim.c
   2:Src/drv/drv_tim.c ****  *  @brief
   3:Src/drv/drv_tim.c ****  *  	This file enables use of a timer to ensure accurate timing of the PID loop.
   4:Src/drv/drv_tim.c ****  *
   5:Src/drv/drv_tim.c ****  *  @author 	Jeremy Wolfe
   6:Src/drv/drv_tim.c ****  *  @date 		07 MAR 2022
   7:Src/drv/drv_tim.c ****  */
   8:Src/drv/drv_tim.c **** 
   9:Src/drv/drv_tim.c **** /* Includes */
  10:Src/drv/drv_tim.c **** #include "board.h"
  11:Src/drv/drv_tim.c **** 
  12:Src/drv/drv_tim.c **** /** @brief Initializes the low level registers to set up timer 9.
  13:Src/drv/drv_tim.c ****  *
  14:Src/drv/drv_tim.c ****  *  @return Void.
  15:Src/drv/drv_tim.c ****  */
  16:Src/drv/drv_tim.c **** void
  17:Src/drv/drv_tim.c **** tim9Init(void)
  18:Src/drv/drv_tim.c **** {
  29              		.loc 1 18 1 view -0
  30              		.cfi_startproc
  31              		@ args = 0, pretend = 0, frame = 0
  32              		@ frame_needed = 0, uses_anonymous_args = 0
  33              		@ link register save eliminated.
  19:Src/drv/drv_tim.c **** 	RCC->APB2ENR	|= RCC_APB2ENR_TIM9EN;
  34              		.loc 1 19 2 view .LVU1
  35              		.loc 1 19 15 is_stmt 0 view .LVU2
  36 0000 074A     		ldr	r2, .L2
  37 0002 536C     		ldr	r3, [r2, #68]
  38 0004 43F48033 		orr	r3, r3, #65536
  39 0008 5364     		str	r3, [r2, #68]
ARM GAS  /var/folders/9y/n02fl3g16gnf7ppy14xghdy80000gn/T//ccijWKOL.s 			page 2


  20:Src/drv/drv_tim.c **** 
  21:Src/drv/drv_tim.c **** 	TIM9->PSC 	= 108 - 1;
  40              		.loc 1 21 2 is_stmt 1 view .LVU3
  41              		.loc 1 21 13 is_stmt 0 view .LVU4
  42 000a 064B     		ldr	r3, .L2+4
  43 000c 6B22     		movs	r2, #107
  44 000e 9A62     		str	r2, [r3, #40]
  22:Src/drv/drv_tim.c **** 	TIM9->ARR 	= 0xFFFF;
  45              		.loc 1 22 2 is_stmt 1 view .LVU5
  46              		.loc 1 22 13 is_stmt 0 view .LVU6
  47 0010 4FF6FF72 		movw	r2, #65535
  48 0014 DA62     		str	r2, [r3, #44]
  23:Src/drv/drv_tim.c **** 	TIM9->CNT	= 4000;
  49              		.loc 1 23 2 is_stmt 1 view .LVU7
  50              		.loc 1 23 12 is_stmt 0 view .LVU8
  51 0016 4FF47A62 		mov	r2, #4000
  52 001a 5A62     		str	r2, [r3, #36]
  24:Src/drv/drv_tim.c **** 
  25:Src/drv/drv_tim.c **** }
  53              		.loc 1 25 1 view .LVU9
  54 001c 7047     		bx	lr
  55              	.L3:
  56 001e 00BF     		.align	2
  57              	.L2:
  58 0020 00380240 		.word	1073887232
  59 0024 00400140 		.word	1073823744
  60              		.cfi_endproc
  61              	.LFE187:
  63              		.section	.text.tim9GetCnt,"ax",%progbits
  64              		.align	1
  65              		.global	tim9GetCnt
  66              		.syntax unified
  67              		.thumb
  68              		.thumb_func
  69              		.fpu fpv5-sp-d16
  71              	tim9GetCnt:
  72              	.LFB188:
  26:Src/drv/drv_tim.c **** 
  27:Src/drv/drv_tim.c **** /** @brief Gets the counter value.
  28:Src/drv/drv_tim.c ****  *
  29:Src/drv/drv_tim.c ****  *  @return Void.
  30:Src/drv/drv_tim.c ****  */
  31:Src/drv/drv_tim.c **** uint32_t
  32:Src/drv/drv_tim.c **** tim9GetCnt(void)
  33:Src/drv/drv_tim.c **** {
  73              		.loc 1 33 1 is_stmt 1 view -0
  74              		.cfi_startproc
  75              		@ args = 0, pretend = 0, frame = 0
  76              		@ frame_needed = 0, uses_anonymous_args = 0
  77              		@ link register save eliminated.
  34:Src/drv/drv_tim.c **** 	return TIM9->CNT;
  78              		.loc 1 34 2 view .LVU11
  79              		.loc 1 34 13 is_stmt 0 view .LVU12
  80 0000 014B     		ldr	r3, .L5
  81 0002 586A     		ldr	r0, [r3, #36]
  35:Src/drv/drv_tim.c **** }
  82              		.loc 1 35 1 view .LVU13
ARM GAS  /var/folders/9y/n02fl3g16gnf7ppy14xghdy80000gn/T//ccijWKOL.s 			page 3


  83 0004 7047     		bx	lr
  84              	.L6:
  85 0006 00BF     		.align	2
  86              	.L5:
  87 0008 00400140 		.word	1073823744
  88              		.cfi_endproc
  89              	.LFE188:
  91              		.section	.text.tim9ResetCnt,"ax",%progbits
  92              		.align	1
  93              		.global	tim9ResetCnt
  94              		.syntax unified
  95              		.thumb
  96              		.thumb_func
  97              		.fpu fpv5-sp-d16
  99              	tim9ResetCnt:
 100              	.LFB189:
  36:Src/drv/drv_tim.c **** 
  37:Src/drv/drv_tim.c **** /** @brief Resets the counter.
  38:Src/drv/drv_tim.c ****  *
  39:Src/drv/drv_tim.c ****  *  @return Void.
  40:Src/drv/drv_tim.c ****  */
  41:Src/drv/drv_tim.c **** void
  42:Src/drv/drv_tim.c **** tim9ResetCnt(void)
  43:Src/drv/drv_tim.c **** {
 101              		.loc 1 43 1 is_stmt 1 view -0
 102              		.cfi_startproc
 103              		@ args = 0, pretend = 0, frame = 0
 104              		@ frame_needed = 0, uses_anonymous_args = 0
 105              		@ link register save eliminated.
  44:Src/drv/drv_tim.c **** 	TIM9->CNT = 0;
 106              		.loc 1 44 2 view .LVU15
 107              		.loc 1 44 12 is_stmt 0 view .LVU16
 108 0000 014B     		ldr	r3, .L8
 109 0002 0022     		movs	r2, #0
 110 0004 5A62     		str	r2, [r3, #36]
  45:Src/drv/drv_tim.c **** }
 111              		.loc 1 45 1 view .LVU17
 112 0006 7047     		bx	lr
 113              	.L9:
 114              		.align	2
 115              	.L8:
 116 0008 00400140 		.word	1073823744
 117              		.cfi_endproc
 118              	.LFE189:
 120              		.section	.text.tim9Enable,"ax",%progbits
 121              		.align	1
 122              		.global	tim9Enable
 123              		.syntax unified
 124              		.thumb
 125              		.thumb_func
 126              		.fpu fpv5-sp-d16
 128              	tim9Enable:
 129              	.LFB190:
  46:Src/drv/drv_tim.c **** 
  47:Src/drv/drv_tim.c **** /** @brief Enables the timer.
  48:Src/drv/drv_tim.c ****  *
  49:Src/drv/drv_tim.c ****  *  @return Void.
ARM GAS  /var/folders/9y/n02fl3g16gnf7ppy14xghdy80000gn/T//ccijWKOL.s 			page 4


  50:Src/drv/drv_tim.c ****  */
  51:Src/drv/drv_tim.c **** void
  52:Src/drv/drv_tim.c **** tim9Enable(void)
  53:Src/drv/drv_tim.c **** {
 130              		.loc 1 53 1 is_stmt 1 view -0
 131              		.cfi_startproc
 132              		@ args = 0, pretend = 0, frame = 0
 133              		@ frame_needed = 0, uses_anonymous_args = 0
 134              		@ link register save eliminated.
  54:Src/drv/drv_tim.c **** 	TIM9->CR1	|= TIM_CR1_CEN;
 135              		.loc 1 54 2 view .LVU19
 136              		.loc 1 54 12 is_stmt 0 view .LVU20
 137 0000 024A     		ldr	r2, .L11
 138 0002 1368     		ldr	r3, [r2]
 139 0004 43F00103 		orr	r3, r3, #1
 140 0008 1360     		str	r3, [r2]
  55:Src/drv/drv_tim.c **** }
 141              		.loc 1 55 1 view .LVU21
 142 000a 7047     		bx	lr
 143              	.L12:
 144              		.align	2
 145              	.L11:
 146 000c 00400140 		.word	1073823744
 147              		.cfi_endproc
 148              	.LFE190:
 150              		.section	.text.tim9Disable,"ax",%progbits
 151              		.align	1
 152              		.global	tim9Disable
 153              		.syntax unified
 154              		.thumb
 155              		.thumb_func
 156              		.fpu fpv5-sp-d16
 158              	tim9Disable:
 159              	.LFB191:
  56:Src/drv/drv_tim.c **** 
  57:Src/drv/drv_tim.c **** /** @brief Disables the timer.
  58:Src/drv/drv_tim.c ****  *
  59:Src/drv/drv_tim.c ****  *  @return Void.
  60:Src/drv/drv_tim.c ****  */
  61:Src/drv/drv_tim.c **** void
  62:Src/drv/drv_tim.c **** tim9Disable(void)
  63:Src/drv/drv_tim.c **** {
 160              		.loc 1 63 1 is_stmt 1 view -0
 161              		.cfi_startproc
 162              		@ args = 0, pretend = 0, frame = 0
 163              		@ frame_needed = 0, uses_anonymous_args = 0
 164              		@ link register save eliminated.
  64:Src/drv/drv_tim.c **** 	TIM9->CR1	&= ~TIM_CR1_CEN;
 165              		.loc 1 64 2 view .LVU23
 166              		.loc 1 64 12 is_stmt 0 view .LVU24
 167 0000 024A     		ldr	r2, .L14
 168 0002 1368     		ldr	r3, [r2]
 169 0004 23F00103 		bic	r3, r3, #1
 170 0008 1360     		str	r3, [r2]
  65:Src/drv/drv_tim.c **** }
 171              		.loc 1 65 1 view .LVU25
 172 000a 7047     		bx	lr
ARM GAS  /var/folders/9y/n02fl3g16gnf7ppy14xghdy80000gn/T//ccijWKOL.s 			page 5


 173              	.L15:
 174              		.align	2
 175              	.L14:
 176 000c 00400140 		.word	1073823744
 177              		.cfi_endproc
 178              	.LFE191:
 180              		.text
 181              	.Letext0:
 182              		.file 2 "/opt/homebrew/Cellar/arm-none-eabi-gcc/10.3-2021.07/gcc/arm-none-eabi/include/machine/_de
 183              		.file 3 "/opt/homebrew/Cellar/arm-none-eabi-gcc/10.3-2021.07/gcc/arm-none-eabi/include/sys/_stdint
 184              		.file 4 "Libraries/CMSIS/Device/ST/STM32F7xx/Include/stm32f722xx.h"
ARM GAS  /var/folders/9y/n02fl3g16gnf7ppy14xghdy80000gn/T//ccijWKOL.s 			page 6


DEFINED SYMBOLS
                            *ABS*:0000000000000000 drv_tim.c
/var/folders/9y/n02fl3g16gnf7ppy14xghdy80000gn/T//ccijWKOL.s:18     .text.tim9Init:0000000000000000 $t
/var/folders/9y/n02fl3g16gnf7ppy14xghdy80000gn/T//ccijWKOL.s:26     .text.tim9Init:0000000000000000 tim9Init
/var/folders/9y/n02fl3g16gnf7ppy14xghdy80000gn/T//ccijWKOL.s:58     .text.tim9Init:0000000000000020 $d
/var/folders/9y/n02fl3g16gnf7ppy14xghdy80000gn/T//ccijWKOL.s:64     .text.tim9GetCnt:0000000000000000 $t
/var/folders/9y/n02fl3g16gnf7ppy14xghdy80000gn/T//ccijWKOL.s:71     .text.tim9GetCnt:0000000000000000 tim9GetCnt
/var/folders/9y/n02fl3g16gnf7ppy14xghdy80000gn/T//ccijWKOL.s:87     .text.tim9GetCnt:0000000000000008 $d
/var/folders/9y/n02fl3g16gnf7ppy14xghdy80000gn/T//ccijWKOL.s:92     .text.tim9ResetCnt:0000000000000000 $t
/var/folders/9y/n02fl3g16gnf7ppy14xghdy80000gn/T//ccijWKOL.s:99     .text.tim9ResetCnt:0000000000000000 tim9ResetCnt
/var/folders/9y/n02fl3g16gnf7ppy14xghdy80000gn/T//ccijWKOL.s:116    .text.tim9ResetCnt:0000000000000008 $d
/var/folders/9y/n02fl3g16gnf7ppy14xghdy80000gn/T//ccijWKOL.s:121    .text.tim9Enable:0000000000000000 $t
/var/folders/9y/n02fl3g16gnf7ppy14xghdy80000gn/T//ccijWKOL.s:128    .text.tim9Enable:0000000000000000 tim9Enable
/var/folders/9y/n02fl3g16gnf7ppy14xghdy80000gn/T//ccijWKOL.s:146    .text.tim9Enable:000000000000000c $d
/var/folders/9y/n02fl3g16gnf7ppy14xghdy80000gn/T//ccijWKOL.s:151    .text.tim9Disable:0000000000000000 $t
/var/folders/9y/n02fl3g16gnf7ppy14xghdy80000gn/T//ccijWKOL.s:158    .text.tim9Disable:0000000000000000 tim9Disable
/var/folders/9y/n02fl3g16gnf7ppy14xghdy80000gn/T//ccijWKOL.s:176    .text.tim9Disable:000000000000000c $d

NO UNDEFINED SYMBOLS
