ARM GAS  /var/folders/9y/n02fl3g16gnf7ppy14xghdy80000gn/T//ccUWTuVs.s 			page 1


   1              		.cpu cortex-m7
   2              		.eabi_attribute 27, 1
   3              		.eabi_attribute 28, 1
   4              		.eabi_attribute 20, 1
   5              		.eabi_attribute 21, 1
   6              		.eabi_attribute 23, 3
   7              		.eabi_attribute 24, 1
   8              		.eabi_attribute 25, 1
   9              		.eabi_attribute 26, 1
  10              		.eabi_attribute 30, 1
  11              		.eabi_attribute 34, 1
  12              		.eabi_attribute 18, 4
  13              		.file	"main.c"
  14              		.text
  15              	.Ltext0:
  16              		.cfi_sections	.debug_frame
  17              		.section	.text.main,"ax",%progbits
  18              		.align	1
  19              		.global	main
  20              		.arch armv7e-m
  21              		.syntax unified
  22              		.thumb
  23              		.thumb_func
  24              		.fpu fpv5-sp-d16
  26              	main:
  27              	.LFB187:
  28              		.file 1 "Src/main.c"
   1:Src/main.c    **** /** @file 		main.c
   2:Src/main.c    ****  *  @brief
   3:Src/main.c    ****  *  	This file runs all the other functions and carries out the scheduling of tasks.
   4:Src/main.c    ****  *
   5:Src/main.c    ****  *  @author 	Jeremy Wolfe
   6:Src/main.c    ****  *  @date 		23 FEB 2022
   7:Src/main.c    ****  */
   8:Src/main.c    **** 
   9:Src/main.c    **** /* Includes */
  10:Src/main.c    **** #include "board.h"
  11:Src/main.c    **** 
  12:Src/main.c    **** #ifndef SANDBOX
  13:Src/main.c    **** /* Global Variables */
  14:Src/main.c    **** const uint8_t __attribute__((__section__(".eeprom"), used)) eepromArray[131072];
  15:Src/main.c    **** 
  16:Src/main.c    **** eepromConfig_t eepromConfig;
  17:Src/main.c    **** 
  18:Src/main.c    **** uint8_t execUpCount = 0;
  19:Src/main.c    **** 
  20:Src/main.c    **** sensors_t sensors;
  21:Src/main.c    **** 
  22:Src/main.c    **** uint16_t timerValue;
  23:Src/main.c    **** 
  24:Src/main.c    **** int main(void)
  25:Src/main.c    **** {
  29              		.loc 1 25 1 view -0
  30              		.cfi_startproc
  31              		@ Volatile: function does not return.
  32              		@ args = 0, pretend = 0, frame = 32
  33              		@ frame_needed = 0, uses_anonymous_args = 0
ARM GAS  /var/folders/9y/n02fl3g16gnf7ppy14xghdy80000gn/T//ccUWTuVs.s 			page 2


  34 0000 00B5     		push	{lr}
  35              		.cfi_def_cfa_offset 4
  36              		.cfi_offset 14, -4
  37 0002 89B0     		sub	sp, sp, #36
  38              		.cfi_def_cfa_offset 40
  26:Src/main.c    ****     systemReady = false;
  39              		.loc 1 26 5 view .LVU1
  40              		.loc 1 26 17 is_stmt 0 view .LVU2
  41 0004 194C     		ldr	r4, .L4
  42 0006 0025     		movs	r5, #0
  43 0008 2570     		strb	r5, [r4]
  27:Src/main.c    **** 
  28:Src/main.c    ****     systemInit();
  44              		.loc 1 28 5 is_stmt 1 view .LVU3
  45 000a FFF7FEFF 		bl	systemInit
  46              	.LVL0:
  29:Src/main.c    **** 
  30:Src/main.c    ****     /* Add tasks */
  31:Src/main.c    ****     Tasks *execTasks[8] = {NULL};
  47              		.loc 1 31 5 view .LVU4
  48              		.loc 1 31 12 is_stmt 0 view .LVU5
  49 000e 2022     		movs	r2, #32
  50 0010 2946     		mov	r1, r5
  51 0012 6846     		mov	r0, sp
  52 0014 FFF7FEFF 		bl	memset
  53              	.LVL1:
  32:Src/main.c    **** 
  33:Src/main.c    **** #ifdef USE_MPU6000
  34:Src/main.c    ****     append(&execTasks[FRAME_1000HZ], readMPU6000);
  54              		.loc 1 34 5 is_stmt 1 view .LVU6
  55 0018 1549     		ldr	r1, .L4+4
  56 001a 6846     		mov	r0, sp
  57 001c FFF7FEFF 		bl	append
  58              	.LVL2:
  35:Src/main.c    **** #endif
  36:Src/main.c    ****     append(&execTasks[FRAME_500HZ], computeRotations500Hz);
  59              		.loc 1 36 5 view .LVU7
  60 0020 1449     		ldr	r1, .L4+8
  61 0022 01A8     		add	r0, sp, #4
  62 0024 FFF7FEFF 		bl	append
  63              	.LVL3:
  37:Src/main.c    ****     append(&execTasks[FRAME_500HZ], updateIMU);
  64              		.loc 1 37 5 view .LVU8
  65 0028 1349     		ldr	r1, .L4+12
  66 002a 01A8     		add	r0, sp, #4
  67 002c FFF7FEFF 		bl	append
  68              	.LVL4:
  38:Src/main.c    ****     append(&execTasks[FRAME_500HZ], updateAttitude);
  69              		.loc 1 38 5 view .LVU9
  70 0030 1249     		ldr	r1, .L4+16
  71 0032 01A8     		add	r0, sp, #4
  72 0034 FFF7FEFF 		bl	append
  73              	.LVL5:
  39:Src/main.c    ****     append(&execTasks[FRAME_500HZ], processCommands);
  74              		.loc 1 39 5 view .LVU10
  75 0038 1149     		ldr	r1, .L4+20
  76 003a 01A8     		add	r0, sp, #4
ARM GAS  /var/folders/9y/n02fl3g16gnf7ppy14xghdy80000gn/T//ccUWTuVs.s 			page 3


  77 003c FFF7FEFF 		bl	append
  78              	.LVL6:
  40:Src/main.c    ****     append(&execTasks[FRAME_500HZ], computeAxisCommands);
  79              		.loc 1 40 5 view .LVU11
  80 0040 1049     		ldr	r1, .L4+24
  81 0042 01A8     		add	r0, sp, #4
  82 0044 FFF7FEFF 		bl	append
  83              	.LVL7:
  41:Src/main.c    ****     append(&execTasks[FRAME_500HZ], mixTable);
  84              		.loc 1 41 5 view .LVU12
  85 0048 0F49     		ldr	r1, .L4+28
  86 004a 01A8     		add	r0, sp, #4
  87 004c FFF7FEFF 		bl	append
  88              	.LVL8:
  42:Src/main.c    **** #ifdef USE_DSHOT
  43:Src/main.c    ****     append(&execTasks[FRAME_500HZ], dshotWrite);
  44:Src/main.c    **** #endif
  45:Src/main.c    **** #ifdef USE_IBUS
  46:Src/main.c    ****     append(&execTasks[FRAME_200HZ], ibusProcess);
  47:Src/main.c    **** #endif
  48:Src/main.c    **** #ifdef USE_LOGGING
  49:Src/main.c    ****     append(&execTasks[FRAME_100HZ], printLog);
  89              		.loc 1 49 5 view .LVU13
  90 0050 0E49     		ldr	r1, .L4+32
  91 0052 03A8     		add	r0, sp, #12
  92 0054 FFF7FEFF 		bl	append
  93              	.LVL9:
  50:Src/main.c    **** #endif
  51:Src/main.c    **** #ifdef USE_BATT_MON
  52:Src/main.c    ****     append(&execTasks[FRAME_5HZ], battMonRead);
  53:Src/main.c    **** #endif
  54:Src/main.c    ****     append(&execTasks[FRAME_1HZ], ledsSet);
  94              		.loc 1 54 5 view .LVU14
  95 0058 0D49     		ldr	r1, .L4+36
  96 005a 07A8     		add	r0, sp, #28
  97 005c FFF7FEFF 		bl	append
  98              	.LVL10:
  55:Src/main.c    **** #ifdef USE_LEDS
  56:Src/main.c    ****     systemReady = true;
  99              		.loc 1 56 5 view .LVU15
 100              		.loc 1 56 17 is_stmt 0 view .LVU16
 101 0060 0123     		movs	r3, #1
 102 0062 2370     		strb	r3, [r4]
 103              	.L2:
  57:Src/main.c    **** #endif
  58:Src/main.c    ****     while (1)
 104              		.loc 1 58 5 is_stmt 1 discriminator 1 view .LVU17
  59:Src/main.c    ****     {
  60:Src/main.c    ****         run(execTasks);
 105              		.loc 1 60 9 discriminator 1 view .LVU18
 106 0064 6846     		mov	r0, sp
 107 0066 FFF7FEFF 		bl	run
 108              	.LVL11:
  58:Src/main.c    ****     {
 109              		.loc 1 58 11 discriminator 1 view .LVU19
 110 006a FBE7     		b	.L2
 111              	.L5:
ARM GAS  /var/folders/9y/n02fl3g16gnf7ppy14xghdy80000gn/T//ccUWTuVs.s 			page 4


 112              		.align	2
 113              	.L4:
 114 006c 00000000 		.word	systemReady
 115 0070 00000000 		.word	readMPU6000
 116 0074 00000000 		.word	computeRotations500Hz
 117 0078 00000000 		.word	updateIMU
 118 007c 00000000 		.word	updateAttitude
 119 0080 00000000 		.word	processCommands
 120 0084 00000000 		.word	computeAxisCommands
 121 0088 00000000 		.word	mixTable
 122 008c 00000000 		.word	printLog
 123 0090 00000000 		.word	ledsSet
 124              		.cfi_endproc
 125              	.LFE187:
 127              		.section	.text.Error_Handler,"ax",%progbits
 128              		.align	1
 129              		.global	Error_Handler
 130              		.syntax unified
 131              		.thumb
 132              		.thumb_func
 133              		.fpu fpv5-sp-d16
 135              	Error_Handler:
 136              	.LFB188:
  61:Src/main.c    ****         // if (frame_1000Hz)
  62:Src/main.c    ****         // {
  63:Src/main.c    ****         //     frame_1000Hz = false;
  64:Src/main.c    **** 
  65:Src/main.c    ****         //     currentTime = micros();
  66:Src/main.c    ****         //     deltaTime1000Hz = currentTime = previous1000HzTime;
  67:Src/main.c    ****         //     previous1000HzTime = currentTime;
  68:Src/main.c    **** 
  69:Src/main.c    ****         //     executionTime1000Hz = micros() - currentTime;
  70:Src/main.c    ****         // }
  71:Src/main.c    **** 
  72:Src/main.c    ****         // if (frame_500Hz)
  73:Src/main.c    ****         // {
  74:Src/main.c    **** 
  75:Src/main.c    ****         //     frame_500Hz = false;
  76:Src/main.c    **** 
  77:Src/main.c    ****         //     currentTime = micros();
  78:Src/main.c    ****         //     deltaTime500Hz = currentTime - previous500HzTime;
  79:Src/main.c    ****         //     previous500HzTime = currentTime;
  80:Src/main.c    **** 
  81:Src/main.c    ****         //     computeRotations500Hz();
  82:Src/main.c    ****         //     updateIMU();
  83:Src/main.c    ****         //     processCommands();
  84:Src/main.c    ****         //     computeAxisCommands();
  85:Src/main.c    ****         //     mixTable();
  86:Src/main.c    ****         //     dshotWrite();
  87:Src/main.c    **** 
  88:Src/main.c    ****         //     executionTime500Hz = micros() - currentTime;
  89:Src/main.c    ****         // }
  90:Src/main.c    **** 
  91:Src/main.c    ****         // if (frame_200Hz)
  92:Src/main.c    ****         // {
  93:Src/main.c    ****         //     frame_200Hz = false;
  94:Src/main.c    **** 
ARM GAS  /var/folders/9y/n02fl3g16gnf7ppy14xghdy80000gn/T//ccUWTuVs.s 			page 5


  95:Src/main.c    ****         //     currentTime = micros();
  96:Src/main.c    ****         //     deltaTime200Hz = currentTime - previous200HzTime;
  97:Src/main.c    ****         //     previous200HzTime = currentTime;
  98:Src/main.c    **** 
  99:Src/main.c    ****         //     ibusProcess();
 100:Src/main.c    **** 
 101:Src/main.c    ****         //     executionTime200Hz = micros() - currentTime;
 102:Src/main.c    ****         // }
 103:Src/main.c    **** 
 104:Src/main.c    ****         // if (frame_100Hz)
 105:Src/main.c    ****         // {
 106:Src/main.c    **** 
 107:Src/main.c    ****         //     frame_100Hz = false;
 108:Src/main.c    **** 
 109:Src/main.c    ****         //     currentTime = micros();
 110:Src/main.c    ****         //     deltaTime100Hz = currentTime - previous100HzTime;
 111:Src/main.c    ****         //     previous100HzTime = currentTime;
 112:Src/main.c    **** 
 113:Src/main.c    ****         //     if (armed == false)
 114:Src/main.c    ****         //     {
 115:Src/main.c    ****         //         printLog(PITCH);
 116:Src/main.c    ****         //     }
 117:Src/main.c    **** 
 118:Src/main.c    ****         //     executionTime100Hz = micros() - currentTime;
 119:Src/main.c    ****         // }
 120:Src/main.c    **** 
 121:Src/main.c    ****         // if (frame_50Hz)
 122:Src/main.c    ****         // {
 123:Src/main.c    **** 
 124:Src/main.c    ****         //     frame_50Hz = false;
 125:Src/main.c    **** 
 126:Src/main.c    ****         //     currentTime = micros();
 127:Src/main.c    ****         //     deltaTime50Hz = currentTime - previous50HzTime;
 128:Src/main.c    ****         //     previous50HzTime = currentTime;
 129:Src/main.c    **** 
 130:Src/main.c    ****         //     executionTime50Hz = micros() - currentTime;
 131:Src/main.c    ****         // }
 132:Src/main.c    **** 
 133:Src/main.c    ****         // if (frame_10Hz)
 134:Src/main.c    ****         // {
 135:Src/main.c    **** 
 136:Src/main.c    ****         //     frame_10Hz = false;
 137:Src/main.c    **** 
 138:Src/main.c    ****         //     currentTime = micros();
 139:Src/main.c    ****         //     deltaTime10Hz = currentTime - previous10HzTime;
 140:Src/main.c    ****         //     previous10HzTime = currentTime;
 141:Src/main.c    ****         //     executionTime10Hz = micros() - currentTime;
 142:Src/main.c    ****         // }
 143:Src/main.c    **** 
 144:Src/main.c    ****         // if (frame_5Hz)
 145:Src/main.c    ****         // {
 146:Src/main.c    ****         //     frame_5Hz = false;
 147:Src/main.c    **** 
 148:Src/main.c    ****         //     currentTime = micros();
 149:Src/main.c    ****         //     deltaTime5Hz = currentTime - previous5HzTime;
 150:Src/main.c    ****         //     previous5HzTime = currentTime;
 151:Src/main.c    **** 
ARM GAS  /var/folders/9y/n02fl3g16gnf7ppy14xghdy80000gn/T//ccUWTuVs.s 			page 6


 152:Src/main.c    ****         //     battMonRead();
 153:Src/main.c    ****         //     if (battEmpty)
 154:Src/main.c    ****         //         led4TOGGLE();
 155:Src/main.c    ****         //     else
 156:Src/main.c    ****         //         led4OFF();
 157:Src/main.c    **** 
 158:Src/main.c    ****         //     executionTime5Hz = micros() - currentTime;
 159:Src/main.c    ****         // }
 160:Src/main.c    **** 
 161:Src/main.c    ****         // if (frame_1Hz)
 162:Src/main.c    ****         // {
 163:Src/main.c    ****         //     frame_1Hz = false;
 164:Src/main.c    **** 
 165:Src/main.c    ****         //     currentTime = micros();
 166:Src/main.c    ****         //     deltaTime1Hz = currentTime - previous1HzTime;
 167:Src/main.c    ****         //     previous1HzTime = currentTime;
 168:Src/main.c    **** 
 169:Src/main.c    ****         //     if (armed) // 1 - Armed
 170:Src/main.c    ****         //         led1ON();
 171:Src/main.c    ****         //     else
 172:Src/main.c    ****         //         led1OFF();
 173:Src/main.c    ****         //     if (systemReady) // 2 - System Initialized
 174:Src/main.c    ****         //         led2ON();
 175:Src/main.c    ****         //     else
 176:Src/main.c    ****         //         led2OFF();
 177:Src/main.c    ****         //     if (rcActive) // 3 - Receiver Connected
 178:Src/main.c    ****         //         led3ON();
 179:Src/main.c    ****         //     else
 180:Src/main.c    ****         //         led3OFF();
 181:Src/main.c    ****         //     if (battLow) // 4 - Battery Low
 182:Src/main.c    ****         //         led4TOGGLE();
 183:Src/main.c    ****         //     else
 184:Src/main.c    ****         //         led4OFF();
 185:Src/main.c    ****         //     if (mode == FLIGHT) // 5(toggle) - Flight Mode
 186:Src/main.c    ****         //         led5TOGGLE();
 187:Src/main.c    ****         //     else if (mode == ROVER) // 5(on) - Rover Mode
 188:Src/main.c    ****         //         led5ON();
 189:Src/main.c    ****         //     else
 190:Src/main.c    ****         //         led5OFF();
 191:Src/main.c    **** 
 192:Src/main.c    ****         //     executionTime1Hz = micros() - currentTime;
 193:Src/main.c    ****         // }
 194:Src/main.c    ****     }
 195:Src/main.c    **** }
 196:Src/main.c    **** 
 197:Src/main.c    **** #else
 198:Src/main.c    **** const uint8_t __attribute__((__section__(".eeprom"), used)) eepromArray[131072];
 199:Src/main.c    **** 
 200:Src/main.c    **** eepromConfig_t eepromConfig;
 201:Src/main.c    **** 
 202:Src/main.c    **** uint8_t execUpCount = 0;
 203:Src/main.c    **** 
 204:Src/main.c    **** sensors_t sensors;
 205:Src/main.c    **** 
 206:Src/main.c    **** uint16_t timerValue;
 207:Src/main.c    **** 
 208:Src/main.c    **** int main(void)
ARM GAS  /var/folders/9y/n02fl3g16gnf7ppy14xghdy80000gn/T//ccUWTuVs.s 			page 7


 209:Src/main.c    **** {
 210:Src/main.c    ****     systemInit();
 211:Src/main.c    ****     systemReady = true;
 212:Src/main.c    **** 
 213:Src/main.c    ****     while (1)
 214:Src/main.c    ****     {
 215:Src/main.c    ****         if (frame_1000Hz)
 216:Src/main.c    ****             frame_1000Hz = false;
 217:Src/main.c    ****         if (frame_500Hz)
 218:Src/main.c    ****         {
 219:Src/main.c    ****             frame_500Hz = false;
 220:Src/main.c    **** 
 221:Src/main.c    ****             computeRotations500Hz();
 222:Src/main.c    **** 
 223:Src/main.c    ****             updateIMU(sensors.gyro500Hz[ROLL], sensors.gyro500Hz[PITCH], sensors.gyro500Hz[YAW],
 224:Src/main.c    ****                       sensors.accel500Hz[XAXIS], sensors.accel500Hz[YAXIS], sensors.accel500Hz[ZAXI
 225:Src/main.c    ****             sensors.attitude500Hz[ROLL] = getRollRadians();
 226:Src/main.c    ****             sensors.attitude500Hz[PITCH] = getPitchRadians();
 227:Src/main.c    ****             sensors.attitude500Hz[YAW] = getYawRadians();
 228:Src/main.c    **** 
 229:Src/main.c    ****             sensors.attDeg500Hz[ROLL] = sensors.attitude500Hz[ROLL] * 57.29578f;
 230:Src/main.c    ****             sensors.attDeg500Hz[PITCH] = sensors.attitude500Hz[PITCH] * 57.29578f;
 231:Src/main.c    ****             sensors.attDeg500Hz[YAW] = sensors.attitude500Hz[YAW] * 57.29578f;
 232:Src/main.c    **** 
 233:Src/main.c    ****             printf("%f\n", sensors.attDeg500Hz[ROLL]);
 234:Src/main.c    ****         }
 235:Src/main.c    ****     }
 236:Src/main.c    **** }
 237:Src/main.c    **** 
 238:Src/main.c    **** #endif
 239:Src/main.c    **** 
 240:Src/main.c    **** /**
 241:Src/main.c    ****  * @brief  This function is executed in case of error occurrence.
 242:Src/main.c    ****  * @retval None
 243:Src/main.c    ****  */
 244:Src/main.c    **** void Error_Handler(void)
 245:Src/main.c    **** {
 137              		.loc 1 245 1 view -0
 138              		.cfi_startproc
 139              		@ Volatile: function does not return.
 140              		@ args = 0, pretend = 0, frame = 0
 141              		@ frame_needed = 0, uses_anonymous_args = 0
 142              		@ link register save eliminated.
 246:Src/main.c    ****     __disable_irq();
 143              		.loc 1 246 5 view .LVU21
 144              	.LBB4:
 145              	.LBI4:
 146              		.file 2 "Libraries/CMSIS/Include/../../../Libraries/CMSIS/Include/../../../Libraries/CMSIS/Include
   1:Libraries/CMSIS/Include/../../../Libraries/CMSIS/Include/../../../Libraries/CMSIS/Include/cmsis_gcc.h **** /**************************************************************************//**
   2:Libraries/CMSIS/Include/../../../Libraries/CMSIS/Include/../../../Libraries/CMSIS/Include/cmsis_gcc.h ****  * @file     cmsis_gcc.h
   3:Libraries/CMSIS/Include/../../../Libraries/CMSIS/Include/../../../Libraries/CMSIS/Include/cmsis_gcc.h ****  * @brief    CMSIS compiler GCC header file
   4:Libraries/CMSIS/Include/../../../Libraries/CMSIS/Include/../../../Libraries/CMSIS/Include/cmsis_gcc.h ****  * @version  V5.0.4
   5:Libraries/CMSIS/Include/../../../Libraries/CMSIS/Include/../../../Libraries/CMSIS/Include/cmsis_gcc.h ****  * @date     09. April 2018
   6:Libraries/CMSIS/Include/../../../Libraries/CMSIS/Include/../../../Libraries/CMSIS/Include/cmsis_gcc.h ****  ******************************************************************************/
   7:Libraries/CMSIS/Include/../../../Libraries/CMSIS/Include/../../../Libraries/CMSIS/Include/cmsis_gcc.h **** /*
   8:Libraries/CMSIS/Include/../../../Libraries/CMSIS/Include/../../../Libraries/CMSIS/Include/cmsis_gcc.h ****  * Copyright (c) 2009-2018 Arm Limited. All rights reserved.
   9:Libraries/CMSIS/Include/../../../Libraries/CMSIS/Include/../../../Libraries/CMSIS/Include/cmsis_gcc.h ****  *
ARM GAS  /var/folders/9y/n02fl3g16gnf7ppy14xghdy80000gn/T//ccUWTuVs.s 			page 8


  10:Libraries/CMSIS/Include/../../../Libraries/CMSIS/Include/../../../Libraries/CMSIS/Include/cmsis_gcc.h ****  * SPDX-License-Identifier: Apache-2.0
  11:Libraries/CMSIS/Include/../../../Libraries/CMSIS/Include/../../../Libraries/CMSIS/Include/cmsis_gcc.h ****  *
  12:Libraries/CMSIS/Include/../../../Libraries/CMSIS/Include/../../../Libraries/CMSIS/Include/cmsis_gcc.h ****  * Licensed under the Apache License, Version 2.0 (the License); you may
  13:Libraries/CMSIS/Include/../../../Libraries/CMSIS/Include/../../../Libraries/CMSIS/Include/cmsis_gcc.h ****  * not use this file except in compliance with the License.
  14:Libraries/CMSIS/Include/../../../Libraries/CMSIS/Include/../../../Libraries/CMSIS/Include/cmsis_gcc.h ****  * You may obtain a copy of the License at
  15:Libraries/CMSIS/Include/../../../Libraries/CMSIS/Include/../../../Libraries/CMSIS/Include/cmsis_gcc.h ****  *
  16:Libraries/CMSIS/Include/../../../Libraries/CMSIS/Include/../../../Libraries/CMSIS/Include/cmsis_gcc.h ****  * www.apache.org/licenses/LICENSE-2.0
  17:Libraries/CMSIS/Include/../../../Libraries/CMSIS/Include/../../../Libraries/CMSIS/Include/cmsis_gcc.h ****  *
  18:Libraries/CMSIS/Include/../../../Libraries/CMSIS/Include/../../../Libraries/CMSIS/Include/cmsis_gcc.h ****  * Unless required by applicable law or agreed to in writing, software
  19:Libraries/CMSIS/Include/../../../Libraries/CMSIS/Include/../../../Libraries/CMSIS/Include/cmsis_gcc.h ****  * distributed under the License is distributed on an AS IS BASIS, WITHOUT
  20:Libraries/CMSIS/Include/../../../Libraries/CMSIS/Include/../../../Libraries/CMSIS/Include/cmsis_gcc.h ****  * WARRANTIES OR CONDITIONS OF ANY KIND, either express or implied.
  21:Libraries/CMSIS/Include/../../../Libraries/CMSIS/Include/../../../Libraries/CMSIS/Include/cmsis_gcc.h ****  * See the License for the specific language governing permissions and
  22:Libraries/CMSIS/Include/../../../Libraries/CMSIS/Include/../../../Libraries/CMSIS/Include/cmsis_gcc.h ****  * limitations under the License.
  23:Libraries/CMSIS/Include/../../../Libraries/CMSIS/Include/../../../Libraries/CMSIS/Include/cmsis_gcc.h ****  */
  24:Libraries/CMSIS/Include/../../../Libraries/CMSIS/Include/../../../Libraries/CMSIS/Include/cmsis_gcc.h **** 
  25:Libraries/CMSIS/Include/../../../Libraries/CMSIS/Include/../../../Libraries/CMSIS/Include/cmsis_gcc.h **** #ifndef __CMSIS_GCC_H
  26:Libraries/CMSIS/Include/../../../Libraries/CMSIS/Include/../../../Libraries/CMSIS/Include/cmsis_gcc.h **** #define __CMSIS_GCC_H
  27:Libraries/CMSIS/Include/../../../Libraries/CMSIS/Include/../../../Libraries/CMSIS/Include/cmsis_gcc.h **** 
  28:Libraries/CMSIS/Include/../../../Libraries/CMSIS/Include/../../../Libraries/CMSIS/Include/cmsis_gcc.h **** /* ignore some GCC warnings */
  29:Libraries/CMSIS/Include/../../../Libraries/CMSIS/Include/../../../Libraries/CMSIS/Include/cmsis_gcc.h **** #pragma GCC diagnostic push
  30:Libraries/CMSIS/Include/../../../Libraries/CMSIS/Include/../../../Libraries/CMSIS/Include/cmsis_gcc.h **** #pragma GCC diagnostic ignored "-Wsign-conversion"
  31:Libraries/CMSIS/Include/../../../Libraries/CMSIS/Include/../../../Libraries/CMSIS/Include/cmsis_gcc.h **** #pragma GCC diagnostic ignored "-Wconversion"
  32:Libraries/CMSIS/Include/../../../Libraries/CMSIS/Include/../../../Libraries/CMSIS/Include/cmsis_gcc.h **** #pragma GCC diagnostic ignored "-Wunused-parameter"
  33:Libraries/CMSIS/Include/../../../Libraries/CMSIS/Include/../../../Libraries/CMSIS/Include/cmsis_gcc.h **** 
  34:Libraries/CMSIS/Include/../../../Libraries/CMSIS/Include/../../../Libraries/CMSIS/Include/cmsis_gcc.h **** /* Fallback for __has_builtin */
  35:Libraries/CMSIS/Include/../../../Libraries/CMSIS/Include/../../../Libraries/CMSIS/Include/cmsis_gcc.h **** #ifndef __has_builtin
  36:Libraries/CMSIS/Include/../../../Libraries/CMSIS/Include/../../../Libraries/CMSIS/Include/cmsis_gcc.h ****   #define __has_builtin(x) (0)
  37:Libraries/CMSIS/Include/../../../Libraries/CMSIS/Include/../../../Libraries/CMSIS/Include/cmsis_gcc.h **** #endif
  38:Libraries/CMSIS/Include/../../../Libraries/CMSIS/Include/../../../Libraries/CMSIS/Include/cmsis_gcc.h **** 
  39:Libraries/CMSIS/Include/../../../Libraries/CMSIS/Include/../../../Libraries/CMSIS/Include/cmsis_gcc.h **** /* CMSIS compiler specific defines */
  40:Libraries/CMSIS/Include/../../../Libraries/CMSIS/Include/../../../Libraries/CMSIS/Include/cmsis_gcc.h **** #ifndef   __ASM
  41:Libraries/CMSIS/Include/../../../Libraries/CMSIS/Include/../../../Libraries/CMSIS/Include/cmsis_gcc.h ****   #define __ASM                                  __asm
  42:Libraries/CMSIS/Include/../../../Libraries/CMSIS/Include/../../../Libraries/CMSIS/Include/cmsis_gcc.h **** #endif
  43:Libraries/CMSIS/Include/../../../Libraries/CMSIS/Include/../../../Libraries/CMSIS/Include/cmsis_gcc.h **** #ifndef   __INLINE
  44:Libraries/CMSIS/Include/../../../Libraries/CMSIS/Include/../../../Libraries/CMSIS/Include/cmsis_gcc.h ****   #define __INLINE                               inline
  45:Libraries/CMSIS/Include/../../../Libraries/CMSIS/Include/../../../Libraries/CMSIS/Include/cmsis_gcc.h **** #endif
  46:Libraries/CMSIS/Include/../../../Libraries/CMSIS/Include/../../../Libraries/CMSIS/Include/cmsis_gcc.h **** #ifndef   __STATIC_INLINE
  47:Libraries/CMSIS/Include/../../../Libraries/CMSIS/Include/../../../Libraries/CMSIS/Include/cmsis_gcc.h ****   #define __STATIC_INLINE                        static inline
  48:Libraries/CMSIS/Include/../../../Libraries/CMSIS/Include/../../../Libraries/CMSIS/Include/cmsis_gcc.h **** #endif
  49:Libraries/CMSIS/Include/../../../Libraries/CMSIS/Include/../../../Libraries/CMSIS/Include/cmsis_gcc.h **** #ifndef   __STATIC_FORCEINLINE                 
  50:Libraries/CMSIS/Include/../../../Libraries/CMSIS/Include/../../../Libraries/CMSIS/Include/cmsis_gcc.h ****   #define __STATIC_FORCEINLINE                   __attribute__((always_inline)) static inline
  51:Libraries/CMSIS/Include/../../../Libraries/CMSIS/Include/../../../Libraries/CMSIS/Include/cmsis_gcc.h **** #endif                                           
  52:Libraries/CMSIS/Include/../../../Libraries/CMSIS/Include/../../../Libraries/CMSIS/Include/cmsis_gcc.h **** #ifndef   __NO_RETURN
  53:Libraries/CMSIS/Include/../../../Libraries/CMSIS/Include/../../../Libraries/CMSIS/Include/cmsis_gcc.h ****   #define __NO_RETURN                            __attribute__((__noreturn__))
  54:Libraries/CMSIS/Include/../../../Libraries/CMSIS/Include/../../../Libraries/CMSIS/Include/cmsis_gcc.h **** #endif
  55:Libraries/CMSIS/Include/../../../Libraries/CMSIS/Include/../../../Libraries/CMSIS/Include/cmsis_gcc.h **** #ifndef   __USED
  56:Libraries/CMSIS/Include/../../../Libraries/CMSIS/Include/../../../Libraries/CMSIS/Include/cmsis_gcc.h ****   #define __USED                                 __attribute__((used))
  57:Libraries/CMSIS/Include/../../../Libraries/CMSIS/Include/../../../Libraries/CMSIS/Include/cmsis_gcc.h **** #endif
  58:Libraries/CMSIS/Include/../../../Libraries/CMSIS/Include/../../../Libraries/CMSIS/Include/cmsis_gcc.h **** #ifndef   __WEAK
  59:Libraries/CMSIS/Include/../../../Libraries/CMSIS/Include/../../../Libraries/CMSIS/Include/cmsis_gcc.h ****   #define __WEAK                                 __attribute__((weak))
  60:Libraries/CMSIS/Include/../../../Libraries/CMSIS/Include/../../../Libraries/CMSIS/Include/cmsis_gcc.h **** #endif
  61:Libraries/CMSIS/Include/../../../Libraries/CMSIS/Include/../../../Libraries/CMSIS/Include/cmsis_gcc.h **** #ifndef   __PACKED
  62:Libraries/CMSIS/Include/../../../Libraries/CMSIS/Include/../../../Libraries/CMSIS/Include/cmsis_gcc.h ****   #define __PACKED                               __attribute__((packed, aligned(1)))
  63:Libraries/CMSIS/Include/../../../Libraries/CMSIS/Include/../../../Libraries/CMSIS/Include/cmsis_gcc.h **** #endif
  64:Libraries/CMSIS/Include/../../../Libraries/CMSIS/Include/../../../Libraries/CMSIS/Include/cmsis_gcc.h **** #ifndef   __PACKED_STRUCT
  65:Libraries/CMSIS/Include/../../../Libraries/CMSIS/Include/../../../Libraries/CMSIS/Include/cmsis_gcc.h ****   #define __PACKED_STRUCT                        struct __attribute__((packed, aligned(1)))
  66:Libraries/CMSIS/Include/../../../Libraries/CMSIS/Include/../../../Libraries/CMSIS/Include/cmsis_gcc.h **** #endif
ARM GAS  /var/folders/9y/n02fl3g16gnf7ppy14xghdy80000gn/T//ccUWTuVs.s 			page 9


  67:Libraries/CMSIS/Include/../../../Libraries/CMSIS/Include/../../../Libraries/CMSIS/Include/cmsis_gcc.h **** #ifndef   __PACKED_UNION
  68:Libraries/CMSIS/Include/../../../Libraries/CMSIS/Include/../../../Libraries/CMSIS/Include/cmsis_gcc.h ****   #define __PACKED_UNION                         union __attribute__((packed, aligned(1)))
  69:Libraries/CMSIS/Include/../../../Libraries/CMSIS/Include/../../../Libraries/CMSIS/Include/cmsis_gcc.h **** #endif
  70:Libraries/CMSIS/Include/../../../Libraries/CMSIS/Include/../../../Libraries/CMSIS/Include/cmsis_gcc.h **** #ifndef   __UNALIGNED_UINT32        /* deprecated */
  71:Libraries/CMSIS/Include/../../../Libraries/CMSIS/Include/../../../Libraries/CMSIS/Include/cmsis_gcc.h ****   #pragma GCC diagnostic push
  72:Libraries/CMSIS/Include/../../../Libraries/CMSIS/Include/../../../Libraries/CMSIS/Include/cmsis_gcc.h ****   #pragma GCC diagnostic ignored "-Wpacked"
  73:Libraries/CMSIS/Include/../../../Libraries/CMSIS/Include/../../../Libraries/CMSIS/Include/cmsis_gcc.h ****   #pragma GCC diagnostic ignored "-Wattributes"
  74:Libraries/CMSIS/Include/../../../Libraries/CMSIS/Include/../../../Libraries/CMSIS/Include/cmsis_gcc.h ****   struct __attribute__((packed)) T_UINT32 { uint32_t v; };
  75:Libraries/CMSIS/Include/../../../Libraries/CMSIS/Include/../../../Libraries/CMSIS/Include/cmsis_gcc.h ****   #pragma GCC diagnostic pop
  76:Libraries/CMSIS/Include/../../../Libraries/CMSIS/Include/../../../Libraries/CMSIS/Include/cmsis_gcc.h ****   #define __UNALIGNED_UINT32(x)                  (((struct T_UINT32 *)(x))->v)
  77:Libraries/CMSIS/Include/../../../Libraries/CMSIS/Include/../../../Libraries/CMSIS/Include/cmsis_gcc.h **** #endif
  78:Libraries/CMSIS/Include/../../../Libraries/CMSIS/Include/../../../Libraries/CMSIS/Include/cmsis_gcc.h **** #ifndef   __UNALIGNED_UINT16_WRITE
  79:Libraries/CMSIS/Include/../../../Libraries/CMSIS/Include/../../../Libraries/CMSIS/Include/cmsis_gcc.h ****   #pragma GCC diagnostic push
  80:Libraries/CMSIS/Include/../../../Libraries/CMSIS/Include/../../../Libraries/CMSIS/Include/cmsis_gcc.h ****   #pragma GCC diagnostic ignored "-Wpacked"
  81:Libraries/CMSIS/Include/../../../Libraries/CMSIS/Include/../../../Libraries/CMSIS/Include/cmsis_gcc.h ****   #pragma GCC diagnostic ignored "-Wattributes"
  82:Libraries/CMSIS/Include/../../../Libraries/CMSIS/Include/../../../Libraries/CMSIS/Include/cmsis_gcc.h ****   __PACKED_STRUCT T_UINT16_WRITE { uint16_t v; };
  83:Libraries/CMSIS/Include/../../../Libraries/CMSIS/Include/../../../Libraries/CMSIS/Include/cmsis_gcc.h ****   #pragma GCC diagnostic pop
  84:Libraries/CMSIS/Include/../../../Libraries/CMSIS/Include/../../../Libraries/CMSIS/Include/cmsis_gcc.h ****   #define __UNALIGNED_UINT16_WRITE(addr, val)    (void)((((struct T_UINT16_WRITE *)(void *)(addr))-
  85:Libraries/CMSIS/Include/../../../Libraries/CMSIS/Include/../../../Libraries/CMSIS/Include/cmsis_gcc.h **** #endif
  86:Libraries/CMSIS/Include/../../../Libraries/CMSIS/Include/../../../Libraries/CMSIS/Include/cmsis_gcc.h **** #ifndef   __UNALIGNED_UINT16_READ
  87:Libraries/CMSIS/Include/../../../Libraries/CMSIS/Include/../../../Libraries/CMSIS/Include/cmsis_gcc.h ****   #pragma GCC diagnostic push
  88:Libraries/CMSIS/Include/../../../Libraries/CMSIS/Include/../../../Libraries/CMSIS/Include/cmsis_gcc.h ****   #pragma GCC diagnostic ignored "-Wpacked"
  89:Libraries/CMSIS/Include/../../../Libraries/CMSIS/Include/../../../Libraries/CMSIS/Include/cmsis_gcc.h ****   #pragma GCC diagnostic ignored "-Wattributes"
  90:Libraries/CMSIS/Include/../../../Libraries/CMSIS/Include/../../../Libraries/CMSIS/Include/cmsis_gcc.h ****   __PACKED_STRUCT T_UINT16_READ { uint16_t v; };
  91:Libraries/CMSIS/Include/../../../Libraries/CMSIS/Include/../../../Libraries/CMSIS/Include/cmsis_gcc.h ****   #pragma GCC diagnostic pop
  92:Libraries/CMSIS/Include/../../../Libraries/CMSIS/Include/../../../Libraries/CMSIS/Include/cmsis_gcc.h ****   #define __UNALIGNED_UINT16_READ(addr)          (((const struct T_UINT16_READ *)(const void *)(add
  93:Libraries/CMSIS/Include/../../../Libraries/CMSIS/Include/../../../Libraries/CMSIS/Include/cmsis_gcc.h **** #endif
  94:Libraries/CMSIS/Include/../../../Libraries/CMSIS/Include/../../../Libraries/CMSIS/Include/cmsis_gcc.h **** #ifndef   __UNALIGNED_UINT32_WRITE
  95:Libraries/CMSIS/Include/../../../Libraries/CMSIS/Include/../../../Libraries/CMSIS/Include/cmsis_gcc.h ****   #pragma GCC diagnostic push
  96:Libraries/CMSIS/Include/../../../Libraries/CMSIS/Include/../../../Libraries/CMSIS/Include/cmsis_gcc.h ****   #pragma GCC diagnostic ignored "-Wpacked"
  97:Libraries/CMSIS/Include/../../../Libraries/CMSIS/Include/../../../Libraries/CMSIS/Include/cmsis_gcc.h ****   #pragma GCC diagnostic ignored "-Wattributes"
  98:Libraries/CMSIS/Include/../../../Libraries/CMSIS/Include/../../../Libraries/CMSIS/Include/cmsis_gcc.h ****   __PACKED_STRUCT T_UINT32_WRITE { uint32_t v; };
  99:Libraries/CMSIS/Include/../../../Libraries/CMSIS/Include/../../../Libraries/CMSIS/Include/cmsis_gcc.h ****   #pragma GCC diagnostic pop
 100:Libraries/CMSIS/Include/../../../Libraries/CMSIS/Include/../../../Libraries/CMSIS/Include/cmsis_gcc.h ****   #define __UNALIGNED_UINT32_WRITE(addr, val)    (void)((((struct T_UINT32_WRITE *)(void *)(addr))-
 101:Libraries/CMSIS/Include/../../../Libraries/CMSIS/Include/../../../Libraries/CMSIS/Include/cmsis_gcc.h **** #endif
 102:Libraries/CMSIS/Include/../../../Libraries/CMSIS/Include/../../../Libraries/CMSIS/Include/cmsis_gcc.h **** #ifndef   __UNALIGNED_UINT32_READ
 103:Libraries/CMSIS/Include/../../../Libraries/CMSIS/Include/../../../Libraries/CMSIS/Include/cmsis_gcc.h ****   #pragma GCC diagnostic push
 104:Libraries/CMSIS/Include/../../../Libraries/CMSIS/Include/../../../Libraries/CMSIS/Include/cmsis_gcc.h ****   #pragma GCC diagnostic ignored "-Wpacked"
 105:Libraries/CMSIS/Include/../../../Libraries/CMSIS/Include/../../../Libraries/CMSIS/Include/cmsis_gcc.h ****   #pragma GCC diagnostic ignored "-Wattributes"
 106:Libraries/CMSIS/Include/../../../Libraries/CMSIS/Include/../../../Libraries/CMSIS/Include/cmsis_gcc.h ****   __PACKED_STRUCT T_UINT32_READ { uint32_t v; };
 107:Libraries/CMSIS/Include/../../../Libraries/CMSIS/Include/../../../Libraries/CMSIS/Include/cmsis_gcc.h ****   #pragma GCC diagnostic pop
 108:Libraries/CMSIS/Include/../../../Libraries/CMSIS/Include/../../../Libraries/CMSIS/Include/cmsis_gcc.h ****   #define __UNALIGNED_UINT32_READ(addr)          (((const struct T_UINT32_READ *)(const void *)(add
 109:Libraries/CMSIS/Include/../../../Libraries/CMSIS/Include/../../../Libraries/CMSIS/Include/cmsis_gcc.h **** #endif
 110:Libraries/CMSIS/Include/../../../Libraries/CMSIS/Include/../../../Libraries/CMSIS/Include/cmsis_gcc.h **** #ifndef   __ALIGNED
 111:Libraries/CMSIS/Include/../../../Libraries/CMSIS/Include/../../../Libraries/CMSIS/Include/cmsis_gcc.h ****   #define __ALIGNED(x)                           __attribute__((aligned(x)))
 112:Libraries/CMSIS/Include/../../../Libraries/CMSIS/Include/../../../Libraries/CMSIS/Include/cmsis_gcc.h **** #endif
 113:Libraries/CMSIS/Include/../../../Libraries/CMSIS/Include/../../../Libraries/CMSIS/Include/cmsis_gcc.h **** #ifndef   __RESTRICT
 114:Libraries/CMSIS/Include/../../../Libraries/CMSIS/Include/../../../Libraries/CMSIS/Include/cmsis_gcc.h ****   #define __RESTRICT                             __restrict
 115:Libraries/CMSIS/Include/../../../Libraries/CMSIS/Include/../../../Libraries/CMSIS/Include/cmsis_gcc.h **** #endif
 116:Libraries/CMSIS/Include/../../../Libraries/CMSIS/Include/../../../Libraries/CMSIS/Include/cmsis_gcc.h **** 
 117:Libraries/CMSIS/Include/../../../Libraries/CMSIS/Include/../../../Libraries/CMSIS/Include/cmsis_gcc.h **** 
 118:Libraries/CMSIS/Include/../../../Libraries/CMSIS/Include/../../../Libraries/CMSIS/Include/cmsis_gcc.h **** /* ###########################  Core Function Access  ########################### */
 119:Libraries/CMSIS/Include/../../../Libraries/CMSIS/Include/../../../Libraries/CMSIS/Include/cmsis_gcc.h **** /** \ingroup  CMSIS_Core_FunctionInterface
 120:Libraries/CMSIS/Include/../../../Libraries/CMSIS/Include/../../../Libraries/CMSIS/Include/cmsis_gcc.h ****     \defgroup CMSIS_Core_RegAccFunctions CMSIS Core Register Access Functions
 121:Libraries/CMSIS/Include/../../../Libraries/CMSIS/Include/../../../Libraries/CMSIS/Include/cmsis_gcc.h ****   @{
 122:Libraries/CMSIS/Include/../../../Libraries/CMSIS/Include/../../../Libraries/CMSIS/Include/cmsis_gcc.h ****  */
 123:Libraries/CMSIS/Include/../../../Libraries/CMSIS/Include/../../../Libraries/CMSIS/Include/cmsis_gcc.h **** 
ARM GAS  /var/folders/9y/n02fl3g16gnf7ppy14xghdy80000gn/T//ccUWTuVs.s 			page 10


 124:Libraries/CMSIS/Include/../../../Libraries/CMSIS/Include/../../../Libraries/CMSIS/Include/cmsis_gcc.h **** /**
 125:Libraries/CMSIS/Include/../../../Libraries/CMSIS/Include/../../../Libraries/CMSIS/Include/cmsis_gcc.h ****   \brief   Enable IRQ Interrupts
 126:Libraries/CMSIS/Include/../../../Libraries/CMSIS/Include/../../../Libraries/CMSIS/Include/cmsis_gcc.h ****   \details Enables IRQ interrupts by clearing the I-bit in the CPSR.
 127:Libraries/CMSIS/Include/../../../Libraries/CMSIS/Include/../../../Libraries/CMSIS/Include/cmsis_gcc.h ****            Can only be executed in Privileged modes.
 128:Libraries/CMSIS/Include/../../../Libraries/CMSIS/Include/../../../Libraries/CMSIS/Include/cmsis_gcc.h ****  */
 129:Libraries/CMSIS/Include/../../../Libraries/CMSIS/Include/../../../Libraries/CMSIS/Include/cmsis_gcc.h **** __STATIC_FORCEINLINE void __enable_irq(void)
 130:Libraries/CMSIS/Include/../../../Libraries/CMSIS/Include/../../../Libraries/CMSIS/Include/cmsis_gcc.h **** {
 131:Libraries/CMSIS/Include/../../../Libraries/CMSIS/Include/../../../Libraries/CMSIS/Include/cmsis_gcc.h ****   __ASM volatile ("cpsie i" : : : "memory");
 132:Libraries/CMSIS/Include/../../../Libraries/CMSIS/Include/../../../Libraries/CMSIS/Include/cmsis_gcc.h **** }
 133:Libraries/CMSIS/Include/../../../Libraries/CMSIS/Include/../../../Libraries/CMSIS/Include/cmsis_gcc.h **** 
 134:Libraries/CMSIS/Include/../../../Libraries/CMSIS/Include/../../../Libraries/CMSIS/Include/cmsis_gcc.h **** 
 135:Libraries/CMSIS/Include/../../../Libraries/CMSIS/Include/../../../Libraries/CMSIS/Include/cmsis_gcc.h **** /**
 136:Libraries/CMSIS/Include/../../../Libraries/CMSIS/Include/../../../Libraries/CMSIS/Include/cmsis_gcc.h ****   \brief   Disable IRQ Interrupts
 137:Libraries/CMSIS/Include/../../../Libraries/CMSIS/Include/../../../Libraries/CMSIS/Include/cmsis_gcc.h ****   \details Disables IRQ interrupts by setting the I-bit in the CPSR.
 138:Libraries/CMSIS/Include/../../../Libraries/CMSIS/Include/../../../Libraries/CMSIS/Include/cmsis_gcc.h ****            Can only be executed in Privileged modes.
 139:Libraries/CMSIS/Include/../../../Libraries/CMSIS/Include/../../../Libraries/CMSIS/Include/cmsis_gcc.h ****  */
 140:Libraries/CMSIS/Include/../../../Libraries/CMSIS/Include/../../../Libraries/CMSIS/Include/cmsis_gcc.h **** __STATIC_FORCEINLINE void __disable_irq(void)
 147              		.loc 2 140 27 view .LVU22
 148              	.LBB5:
 141:Libraries/CMSIS/Include/../../../Libraries/CMSIS/Include/../../../Libraries/CMSIS/Include/cmsis_gcc.h **** {
 142:Libraries/CMSIS/Include/../../../Libraries/CMSIS/Include/../../../Libraries/CMSIS/Include/cmsis_gcc.h ****   __ASM volatile ("cpsid i" : : : "memory");
 149              		.loc 2 142 3 view .LVU23
 150              		.syntax unified
 151              	@ 142 "Libraries/CMSIS/Include/../../../Libraries/CMSIS/Include/../../../Libraries/CMSIS/Include/cm
 152 0000 72B6     		cpsid i
 153              	@ 0 "" 2
 154              		.thumb
 155              		.syntax unified
 156              	.L7:
 157              	.LBE5:
 158              	.LBE4:
 247:Src/main.c    ****     while (1)
 159              		.loc 1 247 5 discriminator 1 view .LVU24
 248:Src/main.c    ****     {
 249:Src/main.c    ****     }
 160              		.loc 1 249 5 discriminator 1 view .LVU25
 247:Src/main.c    ****     while (1)
 161              		.loc 1 247 11 discriminator 1 view .LVU26
 162 0002 FEE7     		b	.L7
 163              		.cfi_endproc
 164              	.LFE188:
 166              		.global	timerValue
 167              		.global	sensors
 168              		.global	execUpCount
 169              		.global	eepromConfig
 170              		.global	eepromArray
 171              		.section	.bss.eepromConfig,"aw",%nobits
 172              		.align	3
 175              	eepromConfig:
 176 0000 00000000 		.space	312
 176      00000000 
 176      00000000 
 176      00000000 
 176      00000000 
 177              		.section	.bss.execUpCount,"aw",%nobits
 180              	execUpCount:
 181 0000 00       		.space	1
ARM GAS  /var/folders/9y/n02fl3g16gnf7ppy14xghdy80000gn/T//ccUWTuVs.s 			page 11


 182              		.section	.bss.sensors,"aw",%nobits
 183              		.align	2
 186              	sensors:
 187 0000 00000000 		.space	60
 187      00000000 
 187      00000000 
 187      00000000 
 187      00000000 
 188              		.section	.bss.timerValue,"aw",%nobits
 189              		.align	1
 192              	timerValue:
 193 0000 0000     		.space	2
 194              		.section	.eeprom,"a"
 195              		.align	2
 198              	eepromArray:
 199 0000 00000000 		.space	131072
 199      00000000 
 199      00000000 
 199      00000000 
 199      00000000 
 200              		.text
 201              	.Letext0:
 202              		.file 3 "/opt/homebrew/Cellar/arm-none-eabi-gcc/10.3-2021.07/gcc/arm-none-eabi/include/machine/_de
 203              		.file 4 "/opt/homebrew/Cellar/arm-none-eabi-gcc/10.3-2021.07/gcc/arm-none-eabi/include/sys/_stdint
 204              		.file 5 "Src/scheduler.h"
 205              		.file 6 "Src/pid.h"
 206              		.file 7 "Src/baredrones32.h"
 207              		.file 8 "Src/drv/drv_system.h"
 208              		.file 9 "<built-in>"
ARM GAS  /var/folders/9y/n02fl3g16gnf7ppy14xghdy80000gn/T//ccUWTuVs.s 			page 12


DEFINED SYMBOLS
                            *ABS*:0000000000000000 main.c
/var/folders/9y/n02fl3g16gnf7ppy14xghdy80000gn/T//ccUWTuVs.s:18     .text.main:0000000000000000 $t
/var/folders/9y/n02fl3g16gnf7ppy14xghdy80000gn/T//ccUWTuVs.s:26     .text.main:0000000000000000 main
/var/folders/9y/n02fl3g16gnf7ppy14xghdy80000gn/T//ccUWTuVs.s:114    .text.main:000000000000006c $d
/var/folders/9y/n02fl3g16gnf7ppy14xghdy80000gn/T//ccUWTuVs.s:128    .text.Error_Handler:0000000000000000 $t
/var/folders/9y/n02fl3g16gnf7ppy14xghdy80000gn/T//ccUWTuVs.s:135    .text.Error_Handler:0000000000000000 Error_Handler
/var/folders/9y/n02fl3g16gnf7ppy14xghdy80000gn/T//ccUWTuVs.s:192    .bss.timerValue:0000000000000000 timerValue
/var/folders/9y/n02fl3g16gnf7ppy14xghdy80000gn/T//ccUWTuVs.s:186    .bss.sensors:0000000000000000 sensors
/var/folders/9y/n02fl3g16gnf7ppy14xghdy80000gn/T//ccUWTuVs.s:180    .bss.execUpCount:0000000000000000 execUpCount
/var/folders/9y/n02fl3g16gnf7ppy14xghdy80000gn/T//ccUWTuVs.s:175    .bss.eepromConfig:0000000000000000 eepromConfig
/var/folders/9y/n02fl3g16gnf7ppy14xghdy80000gn/T//ccUWTuVs.s:198    .eeprom:0000000000000000 eepromArray
/var/folders/9y/n02fl3g16gnf7ppy14xghdy80000gn/T//ccUWTuVs.s:172    .bss.eepromConfig:0000000000000000 $d
/var/folders/9y/n02fl3g16gnf7ppy14xghdy80000gn/T//ccUWTuVs.s:181    .bss.execUpCount:0000000000000000 $d
/var/folders/9y/n02fl3g16gnf7ppy14xghdy80000gn/T//ccUWTuVs.s:183    .bss.sensors:0000000000000000 $d
/var/folders/9y/n02fl3g16gnf7ppy14xghdy80000gn/T//ccUWTuVs.s:189    .bss.timerValue:0000000000000000 $d
/var/folders/9y/n02fl3g16gnf7ppy14xghdy80000gn/T//ccUWTuVs.s:195    .eeprom:0000000000000000 $d

UNDEFINED SYMBOLS
systemInit
memset
append
run
systemReady
readMPU6000
computeRotations500Hz
updateIMU
updateAttitude
processCommands
computeAxisCommands
mixTable
printLog
ledsSet
