ARM GAS  /var/folders/9y/n02fl3g16gnf7ppy14xghdy80000gn/T//ccwfkp0k.s 			page 1


   1              		.cpu cortex-m7
   2              		.eabi_attribute 27, 1
   3              		.eabi_attribute 28, 1
   4              		.eabi_attribute 20, 1
   5              		.eabi_attribute 21, 1
   6              		.eabi_attribute 23, 3
   7              		.eabi_attribute 24, 1
   8              		.eabi_attribute 25, 1
   9              		.eabi_attribute 26, 1
  10              		.eabi_attribute 30, 1
  11              		.eabi_attribute 34, 1
  12              		.eabi_attribute 18, 4
  13              		.file	"stm32f7xx_it.c"
  14              		.text
  15              	.Ltext0:
  16              		.cfi_sections	.debug_frame
  17              		.section	.text.NMI_Handler,"ax",%progbits
  18              		.align	1
  19              		.global	NMI_Handler
  20              		.arch armv7e-m
  21              		.syntax unified
  22              		.thumb
  23              		.thumb_func
  24              		.fpu fpv5-sp-d16
  26              	NMI_Handler:
  27              	.LFB187:
  28              		.file 1 "Src/stm32f7xx_it.c"
   1:Src/stm32f7xx_it.c **** /* USER CODE BEGIN Header */
   2:Src/stm32f7xx_it.c **** /**
   3:Src/stm32f7xx_it.c ****  ******************************************************************************
   4:Src/stm32f7xx_it.c ****  * @file    stm32f7xx_it.c
   5:Src/stm32f7xx_it.c ****  * @brief   Interrupt Service Routines.
   6:Src/stm32f7xx_it.c ****  ******************************************************************************
   7:Src/stm32f7xx_it.c ****  * @attention
   8:Src/stm32f7xx_it.c ****  *
   9:Src/stm32f7xx_it.c ****  * <h2><center>&copy; Copyright (c) 2021 STMicroelectronics.
  10:Src/stm32f7xx_it.c ****  * All rights reserved.</center></h2>
  11:Src/stm32f7xx_it.c ****  *
  12:Src/stm32f7xx_it.c ****  * This software component is licensed by ST under BSD 3-Clause license,
  13:Src/stm32f7xx_it.c ****  * the "License"; You may not use this file except in compliance with the
  14:Src/stm32f7xx_it.c ****  * License. You may obtain a copy of the License at:
  15:Src/stm32f7xx_it.c ****  *                        opensource.org/licenses/BSD-3-Clause
  16:Src/stm32f7xx_it.c ****  *
  17:Src/stm32f7xx_it.c ****  ******************************************************************************
  18:Src/stm32f7xx_it.c ****  */
  19:Src/stm32f7xx_it.c **** 
  20:Src/stm32f7xx_it.c **** #include "board.h"
  21:Src/stm32f7xx_it.c **** 
  22:Src/stm32f7xx_it.c **** /******************************************************************************/
  23:Src/stm32f7xx_it.c **** /*           Cortex-M7 Processor Interruption and Exception Handlers          */
  24:Src/stm32f7xx_it.c **** /******************************************************************************/
  25:Src/stm32f7xx_it.c **** /**
  26:Src/stm32f7xx_it.c ****  * @brief This function handles Non maskable interrupt.
  27:Src/stm32f7xx_it.c ****  */
  28:Src/stm32f7xx_it.c **** void NMI_Handler(void)
  29:Src/stm32f7xx_it.c **** {
  29              		.loc 1 29 1 view -0
ARM GAS  /var/folders/9y/n02fl3g16gnf7ppy14xghdy80000gn/T//ccwfkp0k.s 			page 2


  30              		.cfi_startproc
  31              		@ Volatile: function does not return.
  32              		@ args = 0, pretend = 0, frame = 0
  33              		@ frame_needed = 0, uses_anonymous_args = 0
  34              		@ link register save eliminated.
  35              	.L2:
  30:Src/stm32f7xx_it.c **** 	/* USER CODE BEGIN NonMaskableInt_IRQn 0 */
  31:Src/stm32f7xx_it.c **** 
  32:Src/stm32f7xx_it.c **** 	/* USER CODE END NonMaskableInt_IRQn 0 */
  33:Src/stm32f7xx_it.c **** 	/* USER CODE BEGIN NonMaskableInt_IRQn 1 */
  34:Src/stm32f7xx_it.c **** 	while (1)
  36              		.loc 1 34 2 discriminator 1 view .LVU1
  35:Src/stm32f7xx_it.c **** 	{
  36:Src/stm32f7xx_it.c **** 	}
  37              		.loc 1 36 2 discriminator 1 view .LVU2
  34:Src/stm32f7xx_it.c **** 	{
  38              		.loc 1 34 8 discriminator 1 view .LVU3
  39 0000 FEE7     		b	.L2
  40              		.cfi_endproc
  41              	.LFE187:
  43              		.section	.text.HardFault_Handler,"ax",%progbits
  44              		.align	1
  45              		.global	HardFault_Handler
  46              		.syntax unified
  47              		.thumb
  48              		.thumb_func
  49              		.fpu fpv5-sp-d16
  51              	HardFault_Handler:
  52              	.LFB188:
  37:Src/stm32f7xx_it.c **** 	/* USER CODE END NonMaskableInt_IRQn 1 */
  38:Src/stm32f7xx_it.c **** }
  39:Src/stm32f7xx_it.c **** 
  40:Src/stm32f7xx_it.c **** /**
  41:Src/stm32f7xx_it.c ****  * @brief This function handles Hard fault interrupt.
  42:Src/stm32f7xx_it.c ****  */
  43:Src/stm32f7xx_it.c **** void HardFault_Handler(void)
  44:Src/stm32f7xx_it.c **** {
  53              		.loc 1 44 1 view -0
  54              		.cfi_startproc
  55              		@ Volatile: function does not return.
  56              		@ args = 0, pretend = 0, frame = 0
  57              		@ frame_needed = 0, uses_anonymous_args = 0
  58              		@ link register save eliminated.
  59              	.L4:
  45:Src/stm32f7xx_it.c **** 	/* USER CODE BEGIN HardFault_IRQn 0 */
  46:Src/stm32f7xx_it.c **** 
  47:Src/stm32f7xx_it.c **** 	/* USER CODE END HardFault_IRQn 0 */
  48:Src/stm32f7xx_it.c **** 	while (1)
  60              		.loc 1 48 2 discriminator 1 view .LVU5
  49:Src/stm32f7xx_it.c **** 	{
  50:Src/stm32f7xx_it.c **** 		/* USER CODE BEGIN W1_HardFault_IRQn 0 */
  51:Src/stm32f7xx_it.c **** 
  52:Src/stm32f7xx_it.c **** 		/* USER CODE END W1_HardFault_IRQn 0 */
  53:Src/stm32f7xx_it.c **** 	}
  61              		.loc 1 53 2 discriminator 1 view .LVU6
  48:Src/stm32f7xx_it.c **** 	{
  62              		.loc 1 48 8 discriminator 1 view .LVU7
ARM GAS  /var/folders/9y/n02fl3g16gnf7ppy14xghdy80000gn/T//ccwfkp0k.s 			page 3


  63 0000 FEE7     		b	.L4
  64              		.cfi_endproc
  65              	.LFE188:
  67              		.section	.text.MemManage_Handler,"ax",%progbits
  68              		.align	1
  69              		.global	MemManage_Handler
  70              		.syntax unified
  71              		.thumb
  72              		.thumb_func
  73              		.fpu fpv5-sp-d16
  75              	MemManage_Handler:
  76              	.LFB189:
  54:Src/stm32f7xx_it.c **** }
  55:Src/stm32f7xx_it.c **** 
  56:Src/stm32f7xx_it.c **** /**
  57:Src/stm32f7xx_it.c ****  * @brief This function handles Memory management fault.
  58:Src/stm32f7xx_it.c ****  */
  59:Src/stm32f7xx_it.c **** void MemManage_Handler(void)
  60:Src/stm32f7xx_it.c **** {
  77              		.loc 1 60 1 view -0
  78              		.cfi_startproc
  79              		@ Volatile: function does not return.
  80              		@ args = 0, pretend = 0, frame = 0
  81              		@ frame_needed = 0, uses_anonymous_args = 0
  82              		@ link register save eliminated.
  83              	.L6:
  61:Src/stm32f7xx_it.c **** 	/* USER CODE BEGIN MemoryManagement_IRQn 0 */
  62:Src/stm32f7xx_it.c **** 
  63:Src/stm32f7xx_it.c **** 	/* USER CODE END MemoryManagement_IRQn 0 */
  64:Src/stm32f7xx_it.c **** 	while (1)
  84              		.loc 1 64 2 discriminator 1 view .LVU9
  65:Src/stm32f7xx_it.c **** 	{
  66:Src/stm32f7xx_it.c **** 		/* USER CODE BEGIN W1_MemoryManagement_IRQn 0 */
  67:Src/stm32f7xx_it.c **** 		/* USER CODE END W1_MemoryManagement_IRQn 0 */
  68:Src/stm32f7xx_it.c **** 	}
  85              		.loc 1 68 2 discriminator 1 view .LVU10
  64:Src/stm32f7xx_it.c **** 	{
  86              		.loc 1 64 8 discriminator 1 view .LVU11
  87 0000 FEE7     		b	.L6
  88              		.cfi_endproc
  89              	.LFE189:
  91              		.section	.text.BusFault_Handler,"ax",%progbits
  92              		.align	1
  93              		.global	BusFault_Handler
  94              		.syntax unified
  95              		.thumb
  96              		.thumb_func
  97              		.fpu fpv5-sp-d16
  99              	BusFault_Handler:
 100              	.LFB190:
  69:Src/stm32f7xx_it.c **** }
  70:Src/stm32f7xx_it.c **** 
  71:Src/stm32f7xx_it.c **** /**
  72:Src/stm32f7xx_it.c ****  * @brief This function handles Pre-fetch fault, memory access fault.
  73:Src/stm32f7xx_it.c ****  */
  74:Src/stm32f7xx_it.c **** void BusFault_Handler(void)
  75:Src/stm32f7xx_it.c **** {
ARM GAS  /var/folders/9y/n02fl3g16gnf7ppy14xghdy80000gn/T//ccwfkp0k.s 			page 4


 101              		.loc 1 75 1 view -0
 102              		.cfi_startproc
 103              		@ Volatile: function does not return.
 104              		@ args = 0, pretend = 0, frame = 0
 105              		@ frame_needed = 0, uses_anonymous_args = 0
 106              		@ link register save eliminated.
 107              	.L8:
  76:Src/stm32f7xx_it.c **** 	/* USER CODE BEGIN BusFault_IRQn 0 */
  77:Src/stm32f7xx_it.c **** 
  78:Src/stm32f7xx_it.c **** 	/* USER CODE END BusFault_IRQn 0 */
  79:Src/stm32f7xx_it.c **** 	while (1)
 108              		.loc 1 79 2 discriminator 1 view .LVU13
  80:Src/stm32f7xx_it.c **** 	{
  81:Src/stm32f7xx_it.c **** 		/* USER CODE BEGIN W1_BusFault_IRQn 0 */
  82:Src/stm32f7xx_it.c **** 		/* USER CODE END W1_BusFault_IRQn 0 */
  83:Src/stm32f7xx_it.c **** 	}
 109              		.loc 1 83 2 discriminator 1 view .LVU14
  79:Src/stm32f7xx_it.c **** 	{
 110              		.loc 1 79 8 discriminator 1 view .LVU15
 111 0000 FEE7     		b	.L8
 112              		.cfi_endproc
 113              	.LFE190:
 115              		.section	.text.UsageFault_Handler,"ax",%progbits
 116              		.align	1
 117              		.global	UsageFault_Handler
 118              		.syntax unified
 119              		.thumb
 120              		.thumb_func
 121              		.fpu fpv5-sp-d16
 123              	UsageFault_Handler:
 124              	.LFB191:
  84:Src/stm32f7xx_it.c **** }
  85:Src/stm32f7xx_it.c **** 
  86:Src/stm32f7xx_it.c **** /**
  87:Src/stm32f7xx_it.c ****  * @brief This function handles Undefined instruction or illegal state.
  88:Src/stm32f7xx_it.c ****  */
  89:Src/stm32f7xx_it.c **** void UsageFault_Handler(void)
  90:Src/stm32f7xx_it.c **** {
 125              		.loc 1 90 1 view -0
 126              		.cfi_startproc
 127              		@ Volatile: function does not return.
 128              		@ args = 0, pretend = 0, frame = 0
 129              		@ frame_needed = 0, uses_anonymous_args = 0
 130              		@ link register save eliminated.
 131              	.L10:
  91:Src/stm32f7xx_it.c **** 	/* USER CODE BEGIN UsageFault_IRQn 0 */
  92:Src/stm32f7xx_it.c **** 
  93:Src/stm32f7xx_it.c **** 	/* USER CODE END UsageFault_IRQn 0 */
  94:Src/stm32f7xx_it.c **** 	while (1)
 132              		.loc 1 94 2 discriminator 1 view .LVU17
  95:Src/stm32f7xx_it.c **** 	{
  96:Src/stm32f7xx_it.c **** 		/* USER CODE BEGIN W1_UsageFault_IRQn 0 */
  97:Src/stm32f7xx_it.c **** 		/* USER CODE END W1_UsageFault_IRQn 0 */
  98:Src/stm32f7xx_it.c **** 	}
 133              		.loc 1 98 2 discriminator 1 view .LVU18
  94:Src/stm32f7xx_it.c **** 	{
 134              		.loc 1 94 8 discriminator 1 view .LVU19
ARM GAS  /var/folders/9y/n02fl3g16gnf7ppy14xghdy80000gn/T//ccwfkp0k.s 			page 5


 135 0000 FEE7     		b	.L10
 136              		.cfi_endproc
 137              	.LFE191:
 139              		.section	.text.SVC_Handler,"ax",%progbits
 140              		.align	1
 141              		.global	SVC_Handler
 142              		.syntax unified
 143              		.thumb
 144              		.thumb_func
 145              		.fpu fpv5-sp-d16
 147              	SVC_Handler:
 148              	.LFB192:
  99:Src/stm32f7xx_it.c **** }
 100:Src/stm32f7xx_it.c **** 
 101:Src/stm32f7xx_it.c **** /**
 102:Src/stm32f7xx_it.c ****  * @brief This function handles System service call via SWI instruction.
 103:Src/stm32f7xx_it.c ****  */
 104:Src/stm32f7xx_it.c **** void SVC_Handler(void)
 105:Src/stm32f7xx_it.c **** {
 149              		.loc 1 105 1 view -0
 150              		.cfi_startproc
 151              		@ args = 0, pretend = 0, frame = 0
 152              		@ frame_needed = 0, uses_anonymous_args = 0
 153              		@ link register save eliminated.
 106:Src/stm32f7xx_it.c **** 	/* USER CODE BEGIN SVCall_IRQn 0 */
 107:Src/stm32f7xx_it.c **** 
 108:Src/stm32f7xx_it.c **** 	/* USER CODE END SVCall_IRQn 0 */
 109:Src/stm32f7xx_it.c **** 	/* USER CODE BEGIN SVCall_IRQn 1 */
 110:Src/stm32f7xx_it.c **** 
 111:Src/stm32f7xx_it.c **** 	/* USER CODE END SVCall_IRQn 1 */
 112:Src/stm32f7xx_it.c **** }
 154              		.loc 1 112 1 view .LVU21
 155 0000 7047     		bx	lr
 156              		.cfi_endproc
 157              	.LFE192:
 159              		.section	.text.DebugMon_Handler,"ax",%progbits
 160              		.align	1
 161              		.global	DebugMon_Handler
 162              		.syntax unified
 163              		.thumb
 164              		.thumb_func
 165              		.fpu fpv5-sp-d16
 167              	DebugMon_Handler:
 168              	.LFB193:
 113:Src/stm32f7xx_it.c **** 
 114:Src/stm32f7xx_it.c **** /**
 115:Src/stm32f7xx_it.c ****  * @brief This function handles Debug monitor.
 116:Src/stm32f7xx_it.c ****  */
 117:Src/stm32f7xx_it.c **** void DebugMon_Handler(void)
 118:Src/stm32f7xx_it.c **** {
 169              		.loc 1 118 1 view -0
 170              		.cfi_startproc
 171              		@ args = 0, pretend = 0, frame = 0
 172              		@ frame_needed = 0, uses_anonymous_args = 0
 173              		@ link register save eliminated.
 119:Src/stm32f7xx_it.c **** 	/* USER CODE BEGIN DebugMonitor_IRQn 0 */
 120:Src/stm32f7xx_it.c **** 
ARM GAS  /var/folders/9y/n02fl3g16gnf7ppy14xghdy80000gn/T//ccwfkp0k.s 			page 6


 121:Src/stm32f7xx_it.c **** 	/* USER CODE END DebugMonitor_IRQn 0 */
 122:Src/stm32f7xx_it.c **** 	/* USER CODE BEGIN DebugMonitor_IRQn 1 */
 123:Src/stm32f7xx_it.c **** 
 124:Src/stm32f7xx_it.c **** 	/* USER CODE END DebugMonitor_IRQn 1 */
 125:Src/stm32f7xx_it.c **** }
 174              		.loc 1 125 1 view .LVU23
 175 0000 7047     		bx	lr
 176              		.cfi_endproc
 177              	.LFE193:
 179              		.section	.text.PendSV_Handler,"ax",%progbits
 180              		.align	1
 181              		.global	PendSV_Handler
 182              		.syntax unified
 183              		.thumb
 184              		.thumb_func
 185              		.fpu fpv5-sp-d16
 187              	PendSV_Handler:
 188              	.LFB194:
 126:Src/stm32f7xx_it.c **** 
 127:Src/stm32f7xx_it.c **** /**
 128:Src/stm32f7xx_it.c ****  * @brief This function handles Pendable request for system service.
 129:Src/stm32f7xx_it.c ****  */
 130:Src/stm32f7xx_it.c **** void PendSV_Handler(void)
 131:Src/stm32f7xx_it.c **** {
 189              		.loc 1 131 1 view -0
 190              		.cfi_startproc
 191              		@ args = 0, pretend = 0, frame = 0
 192              		@ frame_needed = 0, uses_anonymous_args = 0
 193              		@ link register save eliminated.
 132:Src/stm32f7xx_it.c **** 	/* USER CODE BEGIN PendSV_IRQn 0 */
 133:Src/stm32f7xx_it.c **** 
 134:Src/stm32f7xx_it.c **** 	/* USER CODE END PendSV_IRQn 0 */
 135:Src/stm32f7xx_it.c **** 	/* USER CODE BEGIN PendSV_IRQn 1 */
 136:Src/stm32f7xx_it.c **** 
 137:Src/stm32f7xx_it.c **** 	/* USER CODE END PendSV_IRQn 1 */
 138:Src/stm32f7xx_it.c **** }
 194              		.loc 1 138 1 view .LVU25
 195 0000 7047     		bx	lr
 196              		.cfi_endproc
 197              	.LFE194:
 199              		.text
 200              	.Letext0:
ARM GAS  /var/folders/9y/n02fl3g16gnf7ppy14xghdy80000gn/T//ccwfkp0k.s 			page 7


DEFINED SYMBOLS
                            *ABS*:0000000000000000 stm32f7xx_it.c
/var/folders/9y/n02fl3g16gnf7ppy14xghdy80000gn/T//ccwfkp0k.s:18     .text.NMI_Handler:0000000000000000 $t
/var/folders/9y/n02fl3g16gnf7ppy14xghdy80000gn/T//ccwfkp0k.s:26     .text.NMI_Handler:0000000000000000 NMI_Handler
/var/folders/9y/n02fl3g16gnf7ppy14xghdy80000gn/T//ccwfkp0k.s:44     .text.HardFault_Handler:0000000000000000 $t
/var/folders/9y/n02fl3g16gnf7ppy14xghdy80000gn/T//ccwfkp0k.s:51     .text.HardFault_Handler:0000000000000000 HardFault_Handler
/var/folders/9y/n02fl3g16gnf7ppy14xghdy80000gn/T//ccwfkp0k.s:68     .text.MemManage_Handler:0000000000000000 $t
/var/folders/9y/n02fl3g16gnf7ppy14xghdy80000gn/T//ccwfkp0k.s:75     .text.MemManage_Handler:0000000000000000 MemManage_Handler
/var/folders/9y/n02fl3g16gnf7ppy14xghdy80000gn/T//ccwfkp0k.s:92     .text.BusFault_Handler:0000000000000000 $t
/var/folders/9y/n02fl3g16gnf7ppy14xghdy80000gn/T//ccwfkp0k.s:99     .text.BusFault_Handler:0000000000000000 BusFault_Handler
/var/folders/9y/n02fl3g16gnf7ppy14xghdy80000gn/T//ccwfkp0k.s:116    .text.UsageFault_Handler:0000000000000000 $t
/var/folders/9y/n02fl3g16gnf7ppy14xghdy80000gn/T//ccwfkp0k.s:123    .text.UsageFault_Handler:0000000000000000 UsageFault_Handler
/var/folders/9y/n02fl3g16gnf7ppy14xghdy80000gn/T//ccwfkp0k.s:140    .text.SVC_Handler:0000000000000000 $t
/var/folders/9y/n02fl3g16gnf7ppy14xghdy80000gn/T//ccwfkp0k.s:147    .text.SVC_Handler:0000000000000000 SVC_Handler
/var/folders/9y/n02fl3g16gnf7ppy14xghdy80000gn/T//ccwfkp0k.s:160    .text.DebugMon_Handler:0000000000000000 $t
/var/folders/9y/n02fl3g16gnf7ppy14xghdy80000gn/T//ccwfkp0k.s:167    .text.DebugMon_Handler:0000000000000000 DebugMon_Handler
/var/folders/9y/n02fl3g16gnf7ppy14xghdy80000gn/T//ccwfkp0k.s:180    .text.PendSV_Handler:0000000000000000 $t
/var/folders/9y/n02fl3g16gnf7ppy14xghdy80000gn/T//ccwfkp0k.s:187    .text.PendSV_Handler:0000000000000000 PendSV_Handler

NO UNDEFINED SYMBOLS
